F
======================================================================
FAIL: test_23_pipe_basic_functionality (test_gds.GDSTest.test_23_pipe_basic_functionality)
æµ‹è¯•åŸºç¡€pipeåŠŸèƒ½
----------------------------------------------------------------------
Traceback (most recent call last):
  File "/Users/wukunhuan/.local/bin/_UNITTEST/test_gds.py", line 312, in _run_gds_command
    self.assertEqual(result.returncode, 0, f"å‘½ä»¤æ‰§è¡Œå¤±è´¥: {command}")
AssertionError: 1 != 0 : å‘½ä»¤æ‰§è¡Œå¤±è´¥: ls | grep pipe_test

During handling of the above exception, another exception occurred:

Traceback (most recent call last):
  File "/Users/wukunhuan/.local/bin/_UNITTEST/test_gds.py", line 1969, in test_23_pipe_basic_functionality
    result = self._run_gds_command('ls | grep pipe_test')
             ^^^^^^^^^^^^^^^^^^^^^^^^^^^^^^^^^^^^^^^^^^^^
  File "/Users/wukunhuan/.local/bin/_UNITTEST/test_gds.py", line 318, in _run_gds_command
    self.fail(f"å‘½ä»¤æ‰§è¡Œå¼‚å¸¸: {command} - {e}")
AssertionError: å‘½ä»¤æ‰§è¡Œå¼‚å¸¸: ls | grep pipe_test - 1 != 0 : å‘½ä»¤æ‰§è¡Œå¤±è´¥: ls | grep pipe_test

----------------------------------------------------------------------
Ran 1 test in 160.816s

FAILED (failures=1)
ğŸš€ è®¾ç½®GDSå…¨é¢æµ‹è¯•ç¯å¢ƒ...
ğŸ“ è¿œç«¯æµ‹è¯•ç›®å½•: ~/tmp/gds_test_20250831_072428_173123_253f7622
âœ… å·²åˆ‡æ¢åˆ°è¿œç«¯æµ‹è¯•ç›®å½•: ~/tmp/gds_test_20250831_072428_173123_253f7622
ğŸ“ æœ¬åœ°ä¸´æ—¶ç›®å½•: /var/folders/w0/m02j_xv925sg34708rb2xgzr0000gn/T/gds_test_local_sy7ivin2
âœ… æµ‹è¯•ç¯å¢ƒè®¾ç½®å®Œæˆ

ğŸ§ª æµ‹è¯•21c: åŸºç¡€pipeåŠŸèƒ½

ğŸ”§ æ‰§è¡Œå‘½ä»¤: echo "hello world" | grep hello
ğŸ“¤ è¿”å›ç : 0
ğŸ“ è¾“å‡º: hello world
...

ğŸ”§ æ‰§è¡Œå‘½ä»¤: echo "test content" > pipe_test.txt
ğŸ“¤ è¿”å›ç : 0

ğŸ”§ æ‰§è¡Œå‘½ä»¤: ls | grep pipe_test
ğŸ“¤ è¿”å›ç : 1
ğŸ’¥ å‘½ä»¤æ‰§è¡Œå¼‚å¸¸: 1 != 0 : å‘½ä»¤æ‰§è¡Œå¤±è´¥: ls | grep pipe_test
