F
======================================================================
FAIL: test_20b_current_environment_detection (test_gds.GDSTest.test_20b_current_environment_detection)
æµ‹è¯•å½“å‰ç¯å¢ƒæ£€æµ‹åŠŸèƒ½
----------------------------------------------------------------------
Traceback (most recent call last):
  File "/Users/wukunhuan/.local/bin/_UNITTEST/test_gds.py", line 1703, in test_20b_current_environment_detection
    self.assertIn("No virtual environment is currently activated", result.stdout)
AssertionError: 'No virtual environment is currently activated' not found in 'No virtual environment currently activated\n'

----------------------------------------------------------------------
Ran 1 test in 113.186s

FAILED (failures=1)
ğŸš€ è®¾ç½®GDSå…¨é¢æµ‹è¯•ç¯å¢ƒ...
ğŸ“ è¿œç«¯æµ‹è¯•ç›®å½•: ~/tmp/gds_test_20250831_064410_389355_fc1064a0
âœ… å·²åˆ‡æ¢åˆ°è¿œç«¯æµ‹è¯•ç›®å½•: ~/tmp/gds_test_20250831_064410_389355_fc1064a0
ğŸ“ æœ¬åœ°ä¸´æ—¶ç›®å½•: /var/folders/w0/m02j_xv925sg34708rb2xgzr0000gn/T/gds_test_local_f_yzne3k
âœ… æµ‹è¯•ç¯å¢ƒè®¾ç½®å®Œæˆ

ğŸ§ª æµ‹è¯•20b: å½“å‰ç¯å¢ƒæ£€æµ‹åŠŸèƒ½
ğŸ“¦ è™šæ‹Ÿç¯å¢ƒåç§°: current_test_env_1756593901
ğŸ§¹ æ¸…ç†æµ‹è¯•ç¯å¢ƒ...

ğŸ”§ æ‰§è¡Œå‘½ä»¤: venv --deactivate
ğŸ“¤ è¿”å›ç : 0
ğŸ“ è¾“å‡º: â³ Waiting for result .......âˆš
Virtual environment deactivated successfully
...

ğŸ”§ æ‰§è¡Œå‘½ä»¤: venv --current
ğŸ“¤ è¿”å›ç : 0
ğŸ“ è¾“å‡º: No virtual environment currently activated
...
