F
======================================================================
FAIL: test_25_pip_dependency_analysis (test_gds.GDSTest.test_25_pip_dependency_analysis)
æµ‹è¯•pipä¾èµ–æ ‘åˆ†æåŠŸèƒ½
----------------------------------------------------------------------
Traceback (most recent call last):
  File "/Users/wukunhuan/.local/bin/_UNITTEST/test_gds.py", line 312, in _run_gds_command
    self.assertEqual(result.returncode, 0, f"å‘½ä»¤æ‰§è¡Œå¤±è´¥: {command}")
AssertionError: 1 != 0 : å‘½ä»¤æ‰§è¡Œå¤±è´¥: pip --show-deps requests --depth=1

During handling of the above exception, another exception occurred:

Traceback (most recent call last):
  File "/Users/wukunhuan/.local/bin/_UNITTEST/test_gds.py", line 2029, in test_25_pip_dependency_analysis
    result = self._run_gds_command('pip --show-deps requests --depth=1')
             ^^^^^^^^^^^^^^^^^^^^^^^^^^^^^^^^^^^^^^^^^^^^^^^^^^^^^^^^^^^
  File "/Users/wukunhuan/.local/bin/_UNITTEST/test_gds.py", line 318, in _run_gds_command
    self.fail(f"å‘½ä»¤æ‰§è¡Œå¼‚å¸¸: {command} - {e}")
AssertionError: å‘½ä»¤æ‰§è¡Œå¼‚å¸¸: pip --show-deps requests --depth=1 - 1 != 0 : å‘½ä»¤æ‰§è¡Œå¤±è´¥: pip --show-deps requests --depth=1

----------------------------------------------------------------------
Ran 1 test in 81.730s

FAILED (failures=1)
ğŸš€ è®¾ç½®GDSå…¨é¢æµ‹è¯•ç¯å¢ƒ...
ğŸ“ è¿œç«¯æµ‹è¯•ç›®å½•: ~/tmp/gds_test_20250831_072445_953602_6022cc24
âœ… å·²åˆ‡æ¢åˆ°è¿œç«¯æµ‹è¯•ç›®å½•: ~/tmp/gds_test_20250831_072445_953602_6022cc24
ğŸ“ æœ¬åœ°ä¸´æ—¶ç›®å½•: /var/folders/w0/m02j_xv925sg34708rb2xgzr0000gn/T/gds_test_local_3917o3tj
âœ… æµ‹è¯•ç¯å¢ƒè®¾ç½®å®Œæˆ

ğŸ§ª æµ‹è¯•24: pipä¾èµ–æ ‘åˆ†æåŠŸèƒ½
ğŸ” æµ‹è¯•ç®€å•åŒ…ä¾èµ–åˆ†æï¼ˆdepth=1ï¼‰

ğŸ”§ æ‰§è¡Œå‘½ä»¤: pip --show-deps requests --depth=1
ğŸ“¤ è¿”å›ç : 1
ğŸ“ è¾“å‡º: pipå‘½ä»¤æ‰§è¡Œå¤±è´¥: 'PipOperations' object has no attribute '_show_dependency_tree'
...
ğŸ’¥ å‘½ä»¤æ‰§è¡Œå¼‚å¸¸: 1 != 0 : å‘½ä»¤æ‰§è¡Œå¤±è´¥: pip --show-deps requests --depth=1
