test_05_ls_full_path_support (_UNITTEST.test_gds.GDSTest.test_05_ls_full_path_support)
æµ‹è¯•lså‘½ä»¤çš„å…¨è·¯å¾„æ”¯æŒï¼ˆä¿®å¤åçš„åŠŸèƒ½ï¼‰ ... FAIL

======================================================================
FAIL: test_05_ls_full_path_support (_UNITTEST.test_gds.GDSTest.test_05_ls_full_path_support)
æµ‹è¯•lså‘½ä»¤çš„å…¨è·¯å¾„æ”¯æŒï¼ˆä¿®å¤åçš„åŠŸèƒ½ï¼‰
----------------------------------------------------------------------
Traceback (most recent call last):
  File "/Users/wukunhuan/.local/bin/_UNITTEST/test_gds.py", line 317, in _run_gds_command
    self.assertEqual(result.returncode, 0, f"å‘½ä»¤æ‰§è¡Œå¤±è´¥: {command}")
AssertionError: 1 != 0 : å‘½ä»¤æ‰§è¡Œå¤±è´¥: ls testdir/testfile.txt

During handling of the above exception, another exception occurred:

Traceback (most recent call last):
  File "/Users/wukunhuan/.local/bin/_UNITTEST/test_gds.py", line 621, in test_05_ls_full_path_support
    result = self._run_gds_command('ls testdir/testfile.txt')
             ^^^^^^^^^^^^^^^^^^^^^^^^^^^^^^^^^^^^^^^^^^^^^^^^
  File "/Users/wukunhuan/.local/bin/_UNITTEST/test_gds.py", line 323, in _run_gds_command
    self.fail(f"å‘½ä»¤æ‰§è¡Œå¼‚å¸¸: {command} - {e}")
AssertionError: å‘½ä»¤æ‰§è¡Œå¼‚å¸¸: ls testdir/testfile.txt - 1 != 0 : å‘½ä»¤æ‰§è¡Œå¤±è´¥: ls testdir/testfile.txt

----------------------------------------------------------------------
Ran 1 test in 105.751s

FAILED (failures=1)
ğŸš€ è®¾ç½®GDSå…¨é¢æµ‹è¯•ç¯å¢ƒ...
ğŸ“‚ æœ¬åœ°æµ‹è¯•æ•°æ®: /Users/wukunhuan/.local/bin/_UNITTEST/_DATA
ğŸ“‚ æœ¬åœ°ä¸´æ—¶æ–‡ä»¶: /Users/wukunhuan/.local/bin/_UNITTEST/_TEMP
ğŸ“ è¿œç«¯æµ‹è¯•ç›®å½•: ~/tmp/gds_test_20250828_142139_640919_8bfece81
âœ… å·²åˆ‡æ¢åˆ°è¿œç«¯æµ‹è¯•ç›®å½•: ~/tmp/gds_test_20250828_142139_640919_8bfece81
âœ… å·²åˆ‡æ¢åˆ°è¿œç«¯æµ‹è¯•ç›®å½•: ~/tmp/gds_test_20250828_142139_640919_8bfece81
ğŸ“ æœ¬åœ°ä¸´æ—¶ç›®å½•: /var/folders/w0/m02j_xv925sg34708rb2xgzr0000gn/T/gds_test_local_3_d68ont
âœ… æµ‹è¯•ç¯å¢ƒè®¾ç½®å®Œæˆ

ğŸ§ª æµ‹è¯•05: LSå…¨è·¯å¾„æ”¯æŒ

ğŸ”§ æ‰§è¡Œå‘½ä»¤: mkdir -p testdir
ğŸ“¤ è¿”å›ç : 0
ğŸ“ è¾“å‡º: =============
GDS mkdir -p testdir
=============
â³ Waiting for result ...âˆš
â³ Validating dir creation ...âˆš
...

ğŸ”§ æ‰§è¡Œå‘½ä»¤: 'echo "test content" > testdir/testfile.txt'
ğŸ“¤ è¿”å›ç : 0
ğŸ“ è¾“å‡º: =============
GDS echo "test content" > testdir/testfile.txt
=============
â³ Waiting for result ........âˆš
â³ Validating file creation ...âˆš
...

ğŸ”§ æ‰§è¡Œå‘½ä»¤: ls testdir
ğŸ“¤ è¿”å›ç : 0
ğŸ“ è¾“å‡º: =============
GDS ls testdir
=============
testfile.txt
...

ğŸ”§ æ‰§è¡Œå‘½ä»¤: ls testdir/testfile.txt
ğŸ“¤ è¿”å›ç : 1
ğŸ“ è¾“å‡º: =============
GDS ls testdir/testfile.txt
=============
Failed to list files: Path not found: ~/tmp/gds_test_20250828_142139_640919_8bfece81/testdir/testfile.txt
...
ğŸ’¥ å‘½ä»¤æ‰§è¡Œå¼‚å¸¸: 1 != 0 : å‘½ä»¤æ‰§è¡Œå¤±è´¥: ls testdir/testfile.txt
