F
======================================================================
FAIL: test_19_code_execution_scenario (test_gds.GDSTest.test_19_code_execution_scenario)
æµ‹è¯•ä»£ç æ‰§è¡Œåœºæ™¯
----------------------------------------------------------------------
Traceback (most recent call last):
  File "/Users/wukunhuan/.local/bin/_UNITTEST/test_gds.py", line 312, in _run_gds_command
    self.assertEqual(result.returncode, 0, f"å‘½ä»¤æ‰§è¡Œå¤±è´¥: {command}")
AssertionError: 1 != 0 : å‘½ä»¤æ‰§è¡Œå¤±è´¥: mkdir -p test07_project

During handling of the above exception, another exception occurred:

Traceback (most recent call last):
  File "/Users/wukunhuan/.local/bin/_UNITTEST/test_gds.py", line 1534, in test_19_code_execution_scenario
    result = self._run_gds_command('mkdir -p test07_project')
             ^^^^^^^^^^^^^^^^^^^^^^^^^^^^^^^^^^^^^^^^^^^^^^^^
  File "/Users/wukunhuan/.local/bin/_UNITTEST/test_gds.py", line 318, in _run_gds_command
    self.fail(f"å‘½ä»¤æ‰§è¡Œå¼‚å¸¸: {command} - {e}")
AssertionError: å‘½ä»¤æ‰§è¡Œå¼‚å¸¸: mkdir -p test07_project - 1 != 0 : å‘½ä»¤æ‰§è¡Œå¤±è´¥: mkdir -p test07_project

----------------------------------------------------------------------
Ran 1 test in 187.225s

FAILED (failures=1)
ğŸš€ è®¾ç½®GDSå…¨é¢æµ‹è¯•ç¯å¢ƒ...
ğŸ“ è¿œç«¯æµ‹è¯•ç›®å½•: ~/tmp/gds_test_20250831_064349_191197_359c639e
âœ… å·²åˆ‡æ¢åˆ°è¿œç«¯æµ‹è¯•ç›®å½•: ~/tmp/gds_test_20250831_064349_191197_359c639e
ğŸ“ æœ¬åœ°ä¸´æ—¶ç›®å½•: /var/folders/w0/m02j_xv925sg34708rb2xgzr0000gn/T/gds_test_local_qafdqx8j
âœ… æµ‹è¯•ç¯å¢ƒè®¾ç½®å®Œæˆ

ğŸ§ª æµ‹è¯•19: ä»£ç æ‰§è¡Œåœºæ™¯
ğŸ“¦ é˜¶æ®µ1: åˆ›å»ºæµ‹è¯•é¡¹ç›®

ğŸ”§ æ‰§è¡Œå‘½ä»¤: mkdir -p test07_project
ğŸ“¤ è¿”å›ç : 1
ğŸ“ è¾“å‡º: â³ Waiting for result .........âˆš
â³ Validating dir creation ..............................................................âœ—
ç›®å½•åˆ›å»ºå¯èƒ½å¤±è´¥ï¼ŒéªŒè¯è¶…æ—¶: test07_project
...
ğŸ’¥ å‘½ä»¤æ‰§è¡Œå¼‚å¸¸: 1 != 0 : å‘½ä»¤æ‰§è¡Œå¤±è´¥: mkdir -p test07_project
