test_04_echo_create_python_script (_UNITTEST.test_gds.GDSTest.test_04_echo_create_python_script)
æµ‹è¯•echoåˆ›å»ºPythonè„šæœ¬å¹¶æ‰§è¡Œ ... ğŸš€ è®¾ç½®GDSå…¨é¢æµ‹è¯•ç¯å¢ƒ...
ğŸ“‚ æœ¬åœ°æµ‹è¯•æ•°æ®: /Users/wukunhuan/.local/bin/_UNITTEST/_DATA
ğŸ“‚ æœ¬åœ°ä¸´æ—¶æ–‡ä»¶: /Users/wukunhuan/.local/bin/_UNITTEST/_TEMP
ğŸ“ è¿œç«¯æµ‹è¯•ç›®å½•: ~/tmp/gds_test_20250828_142135_029150_a21ee814
âœ… å·²åˆ‡æ¢åˆ°è¿œç«¯æµ‹è¯•ç›®å½•: ~/tmp/gds_test_20250828_142135_029150_a21ee814
âœ… å·²åˆ‡æ¢åˆ°è¿œç«¯æµ‹è¯•ç›®å½•: ~/tmp/gds_test_20250828_142135_029150_a21ee814
ğŸ“ æœ¬åœ°ä¸´æ—¶ç›®å½•: /var/folders/w0/m02j_xv925sg34708rb2xgzr0000gn/T/gds_test_local_a7lc21ji
âœ… æµ‹è¯•ç¯å¢ƒè®¾ç½®å®Œæˆ

ğŸ§ª æµ‹è¯•04: Echoåˆ›å»ºPythonè„šæœ¬å¹¶æ‰§è¡Œ

ğŸ”§ æ‰§è¡Œå‘½ä»¤: 'echo -e "import json\nimport os\n\n# åˆ›å»ºé…ç½®æ–‡ä»¶\nconfig = {\n    \"name\": \"test_project\",\n    \"version\": \"1.0.0\",\n    \"debug\": True\n}\n\nwith open(\"test_config.json\", \"w\") as f:\n    json.dump(config, f, indent=2)\n\nprint(\"Config created successfully\")\nprint(f\"Current files: {len(os.listdir())}\")" > test_script.py'
ğŸ“¤ è¿”å›ç : 0
ğŸ“ è¾“å‡º: =============
GDS echo -e "import json\nimport os\n\n# åˆ›å»ºé…ç½®æ–‡ä»¶\nconfig = {\n    \"name\": \"test_project\",\n    \"version\": \"1.0.0\",\n    \"debug\": True\n}\n\nwith open(\"test_config.json\", \"w\"...
â³ Validating file creation ...FAIL

======================================================================
FAIL: test_04_echo_create_python_script (_UNITTEST.test_gds.GDSTest.test_04_echo_create_python_script)
æµ‹è¯•echoåˆ›å»ºPythonè„šæœ¬å¹¶æ‰§è¡Œ
----------------------------------------------------------------------
Traceback (most recent call last):
  File "/Users/wukunhuan/.local/bin/_UNITTEST/test_gds.py", line 594, in test_04_echo_create_python_script
    self.assertTrue(self._verify_file_exists("test_script.py"))
AssertionError: False is not true

----------------------------------------------------------------------
Ran 1 test in 77.719s

FAILED (failures=1)
âœ—
