F
======================================================================
FAIL: test_24_concurrent_and_batch_operations (test_gds.GDSTest.test_24_concurrent_and_batch_operations)
æµ‹è¯•å¹¶å‘å’Œæ‰¹é‡æ“ä½œ
----------------------------------------------------------------------
Traceback (most recent call last):
  File "/Users/wukunhuan/.local/bin/_UNITTEST/test_gds.py", line 312, in _run_gds_command
    self.assertEqual(result.returncode, 0, f"å‘½ä»¤æ‰§è¡Œå¤±è´¥: {command}")
AssertionError: 1 != 0 : å‘½ä»¤æ‰§è¡Œå¤±è´¥: 'echo "Content 1" > batch_file1.txt'

During handling of the above exception, another exception occurred:

Traceback (most recent call last):
  File "/Users/wukunhuan/.local/bin/_UNITTEST/test_gds.py", line 1999, in test_24_concurrent_and_batch_operations
    result = self._run_gds_command(f'\'echo "Content {i+1}" > {filename}\'')
             ^^^^^^^^^^^^^^^^^^^^^^^^^^^^^^^^^^^^^^^^^^^^^^^^^^^^^^^^^^^^^^^
  File "/Users/wukunhuan/.local/bin/_UNITTEST/test_gds.py", line 318, in _run_gds_command
    self.fail(f"å‘½ä»¤æ‰§è¡Œå¼‚å¸¸: {command} - {e}")
AssertionError: å‘½ä»¤æ‰§è¡Œå¼‚å¸¸: 'echo "Content 1" > batch_file1.txt' - 1 != 0 : å‘½ä»¤æ‰§è¡Œå¤±è´¥: 'echo "Content 1" > batch_file1.txt'

----------------------------------------------------------------------
Ran 1 test in 179.434s

FAILED (failures=1)
ðŸš€ è®¾ç½®GDSå…¨é¢æµ‹è¯•çŽ¯å¢ƒ...
ðŸ“ è¿œç«¯æµ‹è¯•ç›®å½•: ~/tmp/gds_test_20250831_072436_514232_a48f0913
âœ… å·²åˆ‡æ¢åˆ°è¿œç«¯æµ‹è¯•ç›®å½•: ~/tmp/gds_test_20250831_072436_514232_a48f0913
ðŸ“ æœ¬åœ°ä¸´æ—¶ç›®å½•: /var/folders/w0/m02j_xv925sg34708rb2xgzr0000gn/T/gds_test_local_dc9y5o_s
âœ… æµ‹è¯•çŽ¯å¢ƒè®¾ç½®å®Œæˆ

ðŸ§ª æµ‹è¯•23: å¹¶å‘å’Œæ‰¹é‡æ“ä½œ

ðŸ”§ æ‰§è¡Œå‘½ä»¤: 'echo "Content 1" > batch_file1.txt'
ðŸ“¤ è¿”å›žç : 1
ðŸ“ è¾“å‡º: â³ Waiting for result ..........âˆš
â³ Validating file creation ................................âœ—
æ–‡ä»¶åˆ›å»ºå‘½ä»¤æˆåŠŸä½†éªŒè¯å¤±è´¥: Path 'batch_file1.txt' not found after 30 verification attempts
...
ðŸ’¥ å‘½ä»¤æ‰§è¡Œå¼‚å¸¸: 1 != 0 : å‘½ä»¤æ‰§è¡Œå¤±è´¥: 'echo "Content 1" > batch_file1.txt'
