test_02_echo_correct_json_syntax (_UNITTEST.test_gds.GDSTest.test_02_echo_correct_json_syntax)
æµ‹è¯•echoçš„æ­£ç¡®JSONè¯­æ³•ï¼ˆä¿®å¤åçš„åŠŸèƒ½ï¼‰ ... ğŸš€ è®¾ç½®GDSå…¨é¢æµ‹è¯•ç¯å¢ƒ...
ğŸ“‚ æœ¬åœ°æµ‹è¯•æ•°æ®: /Users/wukunhuan/.local/bin/_UNITTEST/_DATA
ğŸ“‚ æœ¬åœ°ä¸´æ—¶æ–‡ä»¶: /Users/wukunhuan/.local/bin/_UNITTEST/_TEMP
ğŸ“ è¿œç«¯æµ‹è¯•ç›®å½•: ~/tmp/gds_test_20250828_142130_994203_625eeb4c
âœ… å·²åˆ‡æ¢åˆ°è¿œç«¯æµ‹è¯•ç›®å½•: ~/tmp/gds_test_20250828_142130_994203_625eeb4c
âœ… å·²åˆ‡æ¢åˆ°è¿œç«¯æµ‹è¯•ç›®å½•: ~/tmp/gds_test_20250828_142130_994203_625eeb4c
ğŸ“ æœ¬åœ°ä¸´æ—¶ç›®å½•: /var/folders/w0/m02j_xv925sg34708rb2xgzr0000gn/T/gds_test_local_7ek_t4eq
âœ… æµ‹è¯•ç¯å¢ƒè®¾ç½®å®Œæˆ

ğŸ§ª æµ‹è¯•02: Echoæ­£ç¡®JSONè¯­æ³•

ğŸ”§ æ‰§è¡Œå‘½ä»¤: 'echo "{\"name\": \"test\", \"value\": 123}" > correct_json.txt'
ğŸ“¤ è¿”å›ç : 0
ğŸ“ è¾“å‡º: =============
GDS echo "{\"name\": \"test\", \"value\": 123}" > correct_json.txt
=============
â³ Waiting for result .......âˆš
â³ Validating file creation ...âˆš
...
â³ Validating file creation ...FAIL

======================================================================
FAIL: test_02_echo_correct_json_syntax (_UNITTEST.test_gds.GDSTest.test_02_echo_correct_json_syntax)
æµ‹è¯•echoçš„æ­£ç¡®JSONè¯­æ³•ï¼ˆä¿®å¤åçš„åŠŸèƒ½ï¼‰
----------------------------------------------------------------------
Traceback (most recent call last):
  File "/Users/wukunhuan/.local/bin/_UNITTEST/test_gds.py", line 506, in test_02_echo_correct_json_syntax
    self.assertTrue(self._verify_file_exists("correct_json.txt"))
AssertionError: False is not true

----------------------------------------------------------------------
Ran 1 test in 85.644s

FAILED (failures=1)
âœ—
