setUpClass (_UNITTEST.test_gds.GDSTest) ... ERROR

======================================================================
ERROR: setUpClass (_UNITTEST.test_gds.GDSTest)
----------------------------------------------------------------------
Traceback (most recent call last):
  File "/Users/wukunhuan/.local/bin/_UNITTEST/test_gds.py", line 65, in setUpClass
    cls._setup_remote_test_directory()
  File "/Users/wukunhuan/.local/bin/_UNITTEST/test_gds.py", line 87, in _setup_remote_test_directory
    raise RuntimeError(error_msg)
RuntimeError: åˆ›å»ºè¿œç«¯æµ‹è¯•ç›®å½•å¤±è´¥: è¿”å›ç =1, stderr=, stdout==============
GDS cd ~ && mkdir -p ~/tmp/gds_test_20250828_143541_465265_b69d4b45
=============

- Executing command 1/2: cd ~
=============
GDS cd ~
=============

- Executing command 2/2: mkdir -p ~/tmp/gds_test_20250828_143541_465265_b69d4b45
=============
GDS mkdir -p ~/tmp/gds_test_20250828_143541_465265_b69d4b45
=============
mkdirå‘½ä»¤æ‰§è¡Œå¤±è´¥: User operation: Timeout or cancelled


----------------------------------------------------------------------
Ran 0 tests in 11.884s

FAILED (errors=1)
ğŸš€ è®¾ç½®GDSå…¨é¢æµ‹è¯•ç¯å¢ƒ...
ğŸ“‚ æœ¬åœ°æµ‹è¯•æ•°æ®: /Users/wukunhuan/.local/bin/_UNITTEST/_DATA
ğŸ“‚ æœ¬åœ°ä¸´æ—¶æ–‡ä»¶: /Users/wukunhuan/.local/bin/_UNITTEST/_TEMP
ğŸ“ è¿œç«¯æµ‹è¯•ç›®å½•: ~/tmp/gds_test_20250828_143541_465265_b69d4b45
âš ï¸ åˆ›å»ºè¿œç«¯æµ‹è¯•ç›®å½•å¤±è´¥: è¿”å›ç =1, stderr=, stdout==============
GDS cd ~ && mkdir -p ~/tmp/gds_test_20250828_143541_465265_b69d4b45
=============

- Executing command 1/2: cd ~
=============
GDS cd ~
=============

- Executing command 2/2: mkdir -p ~/tmp/gds_test_20250828_143541_465265_b69d4b45
=============
GDS mkdir -p ~/tmp/gds_test_20250828_143541_465265_b69d4b45
=============
mkdirå‘½ä»¤æ‰§è¡Œå¤±è´¥: User operation: Timeout or cancelled

