F
======================================================================
FAIL: test_17_real_world_development_workflow (test_gds.GDSTest.test_17_real_world_development_workflow)
æµ‹è¯•çœŸå®çš„è¿œç«¯é¡¹ç›®å¼€å‘å·¥ä½œæµç¨‹
----------------------------------------------------------------------
Traceback (most recent call last):
  File "/Users/wukunhuan/.local/bin/_UNITTEST/test_gds.py", line 312, in _run_gds_command
    self.assertEqual(result.returncode, 0, f"å‘½ä»¤æ‰§è¡Œå¤±è´¥: {command}")
AssertionError: 1 != 0 : å‘½ä»¤æ‰§è¡Œå¤±è´¥: mkdir -p myproject/src myproject/tests myproject/docs

During handling of the above exception, another exception occurred:

Traceback (most recent call last):
  File "/Users/wukunhuan/.local/bin/_UNITTEST/test_gds.py", line 1317, in test_17_real_world_development_workflow
    result = self._run_gds_command('mkdir -p myproject/src myproject/tests myproject/docs')
             ^^^^^^^^^^^^^^^^^^^^^^^^^^^^^^^^^^^^^^^^^^^^^^^^^^^^^^^^^^^^^^^^^^^^^^^^^^^^^^
  File "/Users/wukunhuan/.local/bin/_UNITTEST/test_gds.py", line 318, in _run_gds_command
    self.fail(f"å‘½ä»¤æ‰§è¡Œå¼‚å¸¸: {command} - {e}")
AssertionError: å‘½ä»¤æ‰§è¡Œå¼‚å¸¸: mkdir -p myproject/src myproject/tests myproject/docs - 1 != 0 : å‘½ä»¤æ‰§è¡Œå¤±è´¥: mkdir -p myproject/src myproject/tests myproject/docs

----------------------------------------------------------------------
Ran 1 test in 248.646s

FAILED (failures=1)
ğŸš€ è®¾ç½®GDSå…¨é¢æµ‹è¯•ç¯å¢ƒ...
ğŸ“ è¿œç«¯æµ‹è¯•ç›®å½•: ~/tmp/gds_test_20250831_061705_230812_39c38e19
âœ… å·²åˆ‡æ¢åˆ°è¿œç«¯æµ‹è¯•ç›®å½•: ~/tmp/gds_test_20250831_061705_230812_39c38e19
ğŸ“ æœ¬åœ°ä¸´æ—¶ç›®å½•: /var/folders/w0/m02j_xv925sg34708rb2xgzr0000gn/T/gds_test_local_3xekgyzj
âœ… æµ‹è¯•ç¯å¢ƒè®¾ç½®å®Œæˆ

ğŸ§ª æµ‹è¯•17: çœŸå®è¿œç«¯é¡¹ç›®å¼€å‘å·¥ä½œæµç¨‹
ğŸ“¦ é˜¶æ®µ1: é¡¹ç›®åˆå§‹åŒ–

ğŸ”§ æ‰§è¡Œå‘½ä»¤: mkdir -p myproject/src myproject/tests myproject/docs
ğŸ“¤ è¿”å›ç : 1
ğŸ“ è¾“å‡º: â³ Waiting for result ........âˆš
â³ Validating dir creation ................................âœ—
âŒ ç›®å½• myproject/src éªŒè¯å¤±è´¥
â³ Validating dir creation ................................âœ—
âŒ ç›®å½• myproject/tests éªŒè¯å¤±è´¥...
ğŸ’¥ å‘½ä»¤æ‰§è¡Œå¼‚å¸¸: 1 != 0 : å‘½ä»¤æ‰§è¡Œå¤±è´¥: mkdir -p myproject/src myproject/tests myproject/docs
