test_14_file_editing_operations (_UNITTEST.test_gds.GDSTest.test_14_file_editing_operations)
æµ‹è¯•æ–‡ä»¶ç¼–è¾‘æ“ä½œ ... FAIL

======================================================================
FAIL: test_14_file_editing_operations (_UNITTEST.test_gds.GDSTest.test_14_file_editing_operations)
æµ‹è¯•æ–‡ä»¶ç¼–è¾‘æ“ä½œ
----------------------------------------------------------------------
Traceback (most recent call last):
  File "/Users/wukunhuan/.local/bin/_UNITTEST/test_gds.py", line 1209, in test_14_file_editing_operations
    self.assertTrue(success, f"åŸºç¡€æ–‡æœ¬æ›¿æ¢ç¼–è¾‘å¤±è´¥: {result.stderr if result else 'Unknown error'}")
AssertionError: False is not true : åŸºç¡€æ–‡æœ¬æ›¿æ¢ç¼–è¾‘å¤±è´¥: 

----------------------------------------------------------------------
Ran 1 test in 190.754s

FAILED (failures=1)
ğŸš€ è®¾ç½®GDSå…¨é¢æµ‹è¯•ç¯å¢ƒ...
ğŸ“ è¿œç«¯æµ‹è¯•ç›®å½•: ~/tmp/gds_test_20250829_015820_202422_7c3cb04c
âœ… å·²åˆ‡æ¢åˆ°è¿œç«¯æµ‹è¯•ç›®å½•: ~/tmp/gds_test_20250829_015820_202422_7c3cb04c
ğŸ“ æœ¬åœ°ä¸´æ—¶ç›®å½•: /var/folders/w0/m02j_xv925sg34708rb2xgzr0000gn/T/gds_test_local_sfzjva7r
âœ… æµ‹è¯•ç¯å¢ƒè®¾ç½®å®Œæˆ

ğŸ§ª æµ‹è¯•14: æ–‡ä»¶ç¼–è¾‘æ“ä½œ

ğŸ”„ æ‰§è¡Œå¸¦é‡è¯•çš„å‘½ä»¤: upload --force /Users/wukunhuan/.local/bin/_UNITTEST/_TEMP/test04_simple_hello.py
ğŸ” éªŒè¯å‘½ä»¤: ['ls test04_simple_hello.py']
ğŸ¯ æœ€å¤§é‡è¯•æ¬¡æ•°: 3

ğŸ“ å°è¯• 1/3

ğŸ”§ æ‰§è¡Œå‘½ä»¤: upload --force /Users/wukunhuan/.local/bin/_UNITTEST/_TEMP/test04_simple_hello.py
ğŸ“¤ è¿”å›ç : 0
ğŸ“ è¾“å‡º: â³ Waiting for upload .........âˆš
â³ Waiting for result ........âˆš
â³ Validating test04_simple_hello.py ...âˆš
Upload completed: 1/1 files
...
  ğŸ” éªŒè¯ 1/1: ls test04_simple_hello.py

ğŸ”§ æ‰§è¡Œå‘½ä»¤: ls test04_simple_hello.py
ğŸ“¤ è¿”å›ç : 0
ğŸ“ è¾“å‡º: test04_simple_hello.py
...
  âœ… éªŒè¯æˆåŠŸ
ğŸ‰ æ‰€æœ‰éªŒè¯é€šè¿‡ï¼Œå‘½ä»¤æˆåŠŸæ‰§è¡Œ

ğŸ”„ æ‰§è¡Œå¸¦é‡è¯•çš„å‘½ä»¤: upload --force /Users/wukunhuan/.local/bin/_UNITTEST/_TEMP/test04_simple_hello.py
ğŸ” éªŒè¯å‘½ä»¤: ['ls test04_simple_hello.py']
ğŸ¯ æœ€å¤§é‡è¯•æ¬¡æ•°: 3

ğŸ“ å°è¯• 1/3

ğŸ”§ æ‰§è¡Œå‘½ä»¤: upload --force /Users/wukunhuan/.local/bin/_UNITTEST/_TEMP/test04_simple_hello.py
ğŸ“¤ è¿”å›ç : 0
ğŸ“ è¾“å‡º: â³ Waiting for upload ........âˆš
â³ Waiting for result ......âˆš
â³ Validating test04_simple_hello.py ...âˆš
Upload completed: 1/1 files
...
  ğŸ” éªŒè¯ 1/1: ls test04_simple_hello.py

ğŸ”§ æ‰§è¡Œå‘½ä»¤: ls test04_simple_hello.py
ğŸ“¤ è¿”å›ç : 0
ğŸ“ è¾“å‡º: test04_simple_hello.py
...
  âœ… éªŒè¯æˆåŠŸ
ğŸ‰ æ‰€æœ‰éªŒè¯é€šè¿‡ï¼Œå‘½ä»¤æˆåŠŸæ‰§è¡Œ
âœ… upload --forceè¦†ç›–åŠŸèƒ½éªŒè¯æˆåŠŸ

ğŸ”„ æ‰§è¡Œå¸¦é‡è¯•çš„å‘½ä»¤: edit test04_simple_hello.py '[["Hello from remote project!", "Hello from MODIFIED remote project!"]]'
ğŸ” éªŒè¯å‘½ä»¤: ['grep "MODIFIED" test04_simple_hello.py']
ğŸ¯ æœ€å¤§é‡è¯•æ¬¡æ•°: 3

ğŸ“ å°è¯• 1/3

ğŸ”§ æ‰§è¡Œå‘½ä»¤: edit test04_simple_hello.py '[["Hello from remote project!", "Hello from MODIFIED remote project!"]]'
ğŸ“¤ è¿”å›ç : 1
ğŸ“ è¾“å‡º: Edit operation failed: 'TextOperations' object has no attribute 'cmd_download'
...
âŒ ä¸»å‘½ä»¤å¤±è´¥ï¼Œè¿”å›ç : 1
â³ ç­‰å¾…1ç§’åé‡è¯•...

ğŸ“ å°è¯• 2/3

ğŸ”§ æ‰§è¡Œå‘½ä»¤: edit test04_simple_hello.py '[["Hello from remote project!", "Hello from MODIFIED remote project!"]]'
ğŸ“¤ è¿”å›ç : 1
ğŸ“ è¾“å‡º: Edit operation failed: 'TextOperations' object has no attribute 'cmd_download'
...
âŒ ä¸»å‘½ä»¤å¤±è´¥ï¼Œè¿”å›ç : 1
â³ ç­‰å¾…1ç§’åé‡è¯•...

ğŸ“ å°è¯• 3/3

ğŸ”§ æ‰§è¡Œå‘½ä»¤: edit test04_simple_hello.py '[["Hello from remote project!", "Hello from MODIFIED remote project!"]]'
ğŸ“¤ è¿”å›ç : 1
ğŸ“ è¾“å‡º: Edit operation failed: 'TextOperations' object has no attribute 'cmd_download'
...
âŒ ä¸»å‘½ä»¤å¤±è´¥ï¼Œè¿”å›ç : 1
