test_12_grep_command_operations (_UNITTEST.test_gds.GDSTest.test_12_grep_command_operations)
æµ‹è¯•grepå‘½ä»¤åŠŸèƒ½ ... FAIL

======================================================================
FAIL: test_12_grep_command_operations (_UNITTEST.test_gds.GDSTest.test_12_grep_command_operations)
æµ‹è¯•grepå‘½ä»¤åŠŸèƒ½
----------------------------------------------------------------------
Traceback (most recent call last):
  File "/Users/wukunhuan/.local/bin/_UNITTEST/test_gds.py", line 312, in _run_gds_command
    self.assertEqual(result.returncode, 0, f"å‘½ä»¤æ‰§è¡Œå¤±è´¥: {command}")
AssertionError: 1 != 0 : å‘½ä»¤æ‰§è¡Œå¤±è´¥: 'echo "Line 1: Hello world
Line 2: This is a test
Line 3: Hello again
Line 4: Multiple Hello Hello Hello
Line 5: No match here" > grep_test.txt'

During handling of the above exception, another exception occurred:

Traceback (most recent call last):
  File "/Users/wukunhuan/.local/bin/_UNITTEST/test_gds.py", line 1121, in test_12_grep_command_operations
    result = self._run_gds_command(f"'{echo_cmd}'")
             ^^^^^^^^^^^^^^^^^^^^^^^^^^^^^^^^^^^^^^
  File "/Users/wukunhuan/.local/bin/_UNITTEST/test_gds.py", line 318, in _run_gds_command
    self.fail(f"å‘½ä»¤æ‰§è¡Œå¼‚å¸¸: {command} - {e}")
AssertionError: å‘½ä»¤æ‰§è¡Œå¼‚å¸¸: 'echo "Line 1: Hello world
Line 2: This is a test
Line 3: Hello again
Line 4: Multiple Hello Hello Hello
Line 5: No match here" > grep_test.txt' - 1 != 0 : å‘½ä»¤æ‰§è¡Œå¤±è´¥: 'echo "Line 1: Hello world
Line 2: This is a test
Line 3: Hello again
Line 4: Multiple Hello Hello Hello
Line 5: No match here" > grep_test.txt'

----------------------------------------------------------------------
Ran 1 test in 154.551s

FAILED (failures=1)
ðŸš€ è®¾ç½®GDSå…¨é¢æµ‹è¯•çŽ¯å¢ƒ...
ðŸ“ è¿œç«¯æµ‹è¯•ç›®å½•: ~/tmp/gds_test_20250829_015820_202440_0f08738f
âœ… å·²åˆ‡æ¢åˆ°è¿œç«¯æµ‹è¯•ç›®å½•: ~/tmp/gds_test_20250829_015820_202440_0f08738f
ðŸ“ æœ¬åœ°ä¸´æ—¶ç›®å½•: /var/folders/w0/m02j_xv925sg34708rb2xgzr0000gn/T/gds_test_local_5gvb1uir
âœ… æµ‹è¯•çŽ¯å¢ƒè®¾ç½®å®Œæˆ

ðŸ§ª æµ‹è¯•12: grepå‘½ä»¤åŠŸèƒ½æµ‹è¯•

ðŸ”§ æ‰§è¡Œå‘½ä»¤: 'echo "Line 1: Hello world
Line 2: This is a test
Line 3: Hello again
Line 4: Multiple Hello Hello Hello
Line 5: No match here" > grep_test.txt'
ðŸ“¤ è¿”å›žç : 1
ðŸ“ è¾“å‡º: â³ Waiting for result .......âˆš
â³ Validating file creation ................................âœ—
æ–‡ä»¶åˆ›å»ºå‘½ä»¤æˆåŠŸä½†éªŒè¯å¤±è´¥: Path 'grep_test.txt' not found after 30 verification attempts
...
ðŸ’¥ å‘½ä»¤æ‰§è¡Œå¼‚å¸¸: 1 != 0 : å‘½ä»¤æ‰§è¡Œå¤±è´¥: 'echo "Line 1: Hello world
Line 2: This is a test
Line 3: Hello again
Line 4: Multiple Hello Hello Hello
Line 5: No match here" > grep_test.txt'
