test_01_basic_echo_commands (_UNITTEST.test_gds.GDSTest.test_01_basic_echo_commands)
æµ‹è¯•åŸºç¡€echoå‘½ä»¤ ... FAIL

======================================================================
FAIL: test_01_basic_echo_commands (_UNITTEST.test_gds.GDSTest.test_01_basic_echo_commands)
æµ‹è¯•åŸºç¡€echoå‘½ä»¤
----------------------------------------------------------------------
Traceback (most recent call last):
  File "/Users/wukunhuan/.local/bin/_UNITTEST/test_gds.py", line 312, in _run_gds_command
    self.assertEqual(result.returncode, 0, f"å‘½ä»¤æ‰§è¡Œå¤±è´¥: {command}")
AssertionError: 1 != 0 : å‘½ä»¤æ‰§è¡Œå¤±è´¥: echo "Complex: @#$%^&*() \"quotes\" ä¸­æ–‡å­—ç¬¦"

During handling of the above exception, another exception occurred:

Traceback (most recent call last):
  File "/Users/wukunhuan/.local/bin/_UNITTEST/test_gds.py", line 418, in test_01_basic_echo_commands
    result = self._run_gds_command('echo "Complex: @#$%^&*() \\"quotes\\" ä¸­æ–‡å­—ç¬¦"')
             ^^^^^^^^^^^^^^^^^^^^^^^^^^^^^^^^^^^^^^^^^^^^^^^^^^^^^^^^^^^^^^^^^^^^^^^^
  File "/Users/wukunhuan/.local/bin/_UNITTEST/test_gds.py", line 318, in _run_gds_command
    self.fail(f"å‘½ä»¤æ‰§è¡Œå¼‚å¸¸: {command} - {e}")
AssertionError: å‘½ä»¤æ‰§è¡Œå¼‚å¸¸: echo "Complex: @#$%^&*() \"quotes\" ä¸­æ–‡å­—ç¬¦" - 1 != 0 : å‘½ä»¤æ‰§è¡Œå¤±è´¥: echo "Complex: @#$%^&*() \"quotes\" ä¸­æ–‡å­—ç¬¦"

----------------------------------------------------------------------
Ran 1 test in 421.221s

FAILED (failures=1)
ğŸš€ è®¾ç½®GDSå…¨é¢æµ‹è¯•ç¯å¢ƒ...
ğŸ“ è¿œç«¯æµ‹è¯•ç›®å½•: ~/tmp/gds_test_20250829_022247_584768_9d5cb962
âœ… å·²åˆ‡æ¢åˆ°è¿œç«¯æµ‹è¯•ç›®å½•: ~/tmp/gds_test_20250829_022247_584768_9d5cb962
ğŸ“ æœ¬åœ°ä¸´æ—¶ç›®å½•: /var/folders/w0/m02j_xv925sg34708rb2xgzr0000gn/T/gds_test_local__0hibpxk
âœ… æµ‹è¯•ç¯å¢ƒè®¾ç½®å®Œæˆ

ğŸ§ª æµ‹è¯•01: åŸºç¡€echoå‘½ä»¤

ğŸ”§ æ‰§è¡Œå‘½ä»¤: echo "Hello World"
ğŸ“¤ è¿”å›ç : 0
ğŸ“ è¾“å‡º: ğŸ”’ DEBUG: [0.000s] [ENTRY] execute_generic_remote_command - è¯·æ±‚çª—å£æ§½ä½ - window_id: echo_8660021824_1756405549170_9b625582, cmd: echo, thread: 8660021824
ğŸ”’ DEBUG: [0.000s] [FILE_LOCK] æˆåŠŸè·å–æ–‡ä»¶é”: /Users/wukun...

ğŸ”§ æ‰§è¡Œå‘½ä»¤: echo "Complex: @#$%^&*() \"quotes\" ä¸­æ–‡å­—ç¬¦"
ğŸ“¤ è¿”å›ç : 1
ğŸ“ è¾“å‡º: ğŸ”’ DEBUG: [0.000s] [ENTRY] execute_generic_remote_command - è¯·æ±‚çª—å£æ§½ä½ - window_id: echo_8660021824_1756405593730_8dbeaa04, cmd: echo, thread: 8660021824
ğŸ”’ DEBUG: [0.000s] [FILE_LOCK] æˆåŠŸè·å–æ–‡ä»¶é”: /Users/wukun...
ğŸ’¥ å‘½ä»¤æ‰§è¡Œå¼‚å¸¸: 1 != 0 : å‘½ä»¤æ‰§è¡Œå¤±è´¥: echo "Complex: @#$%^&*() \"quotes\" ä¸­æ–‡å­—ç¬¦"
