F
======================================================================
FAIL: test_21_linter_functionality (test_gds.GDSTest.test_21_linter_functionality)
æµ‹è¯•Linterè¯­æ³•æ£€æŸ¥åŠŸèƒ½
----------------------------------------------------------------------
Traceback (most recent call last):
  File "/Users/wukunhuan/.local/bin/_UNITTEST/test_gds.py", line 312, in _run_gds_command
    self.assertEqual(result.returncode, 0, f"å‘½ä»¤æ‰§è¡Œå¤±è´¥: {command}")
AssertionError: 1 != 0 : å‘½ä»¤æ‰§è¡Œå¤±è´¥: linter valid_script.py

During handling of the above exception, another exception occurred:

Traceback (most recent call last):
  File "/Users/wukunhuan/.local/bin/_UNITTEST/test_gds.py", line 1831, in test_21_linter_functionality
    result = self._run_gds_command('linter valid_script.py')
             ^^^^^^^^^^^^^^^^^^^^^^^^^^^^^^^^^^^^^^^^^^^^^^^
  File "/Users/wukunhuan/.local/bin/_UNITTEST/test_gds.py", line 318, in _run_gds_command
    self.fail(f"å‘½ä»¤æ‰§è¡Œå¼‚å¸¸: {command} - {e}")
AssertionError: å‘½ä»¤æ‰§è¡Œå¼‚å¸¸: linter valid_script.py - 1 != 0 : å‘½ä»¤æ‰§è¡Œå¤±è´¥: linter valid_script.py

----------------------------------------------------------------------
Ran 1 test in 362.928s

FAILED (failures=1)
ğŸš€ è®¾ç½®GDSå…¨é¢æµ‹è¯•ç¯å¢ƒ...
ğŸ“ è¿œç«¯æµ‹è¯•ç›®å½•: ~/tmp/gds_test_20250831_071620_236024_cde66182
âœ… å·²åˆ‡æ¢åˆ°è¿œç«¯æµ‹è¯•ç›®å½•: ~/tmp/gds_test_20250831_071620_236024_cde66182
ğŸ“ æœ¬åœ°ä¸´æ—¶ç›®å½•: /var/folders/w0/m02j_xv925sg34708rb2xgzr0000gn/T/gds_test_local_vap_y8gm
âœ… æµ‹è¯•ç¯å¢ƒè®¾ç½®å®Œæˆ

ğŸ§ª æµ‹è¯•21: LinteråŠŸèƒ½æµ‹è¯•
ğŸ“¤ ä¸Šä¼ æµ‹è¯•æ–‡ä»¶...

ğŸ”„ æ‰§è¡Œå¸¦é‡è¯•çš„å‘½ä»¤: upload --force /Users/wukunhuan/.local/bin/_UNITTEST/_DATA/valid_script.py
ğŸ” éªŒè¯å‘½ä»¤: ['ls valid_script.py']
ğŸ¯ æœ€å¤§é‡è¯•æ¬¡æ•°: 3

ğŸ“ å°è¯• 1/3

ğŸ”§ æ‰§è¡Œå‘½ä»¤: upload --force /Users/wukunhuan/.local/bin/_UNITTEST/_DATA/valid_script.py
ğŸ“¤ è¿”å›ç : 0
ğŸ“ è¾“å‡º: â³ Waiting for upload .........âˆš
â³ Waiting for result .........âˆš
â³ Validating valid_script.py ...âˆš
Upload completed: 1/1 files
...
  ğŸ” éªŒè¯ 1/1: ls valid_script.py

ğŸ”§ æ‰§è¡Œå‘½ä»¤: ls valid_script.py
ğŸ“¤ è¿”å›ç : 1
ğŸ“ è¾“å‡º: Failed to list files: Path not found: valid_script.py
...
  âŒ éªŒè¯å¤±è´¥ï¼Œè¿”å›ç : 1
â³ éªŒè¯å¤±è´¥ï¼Œç­‰å¾…2ç§’åé‡è¯•...

ğŸ“ å°è¯• 2/3

ğŸ”§ æ‰§è¡Œå‘½ä»¤: upload --force /Users/wukunhuan/.local/bin/_UNITTEST/_DATA/valid_script.py
ğŸ“¤ è¿”å›ç : 0
ğŸ“ è¾“å‡º: â³ Waiting for upload .........âˆš
â³ Waiting for result .......âˆš
â³ Validating valid_script.py ...âˆš
Upload completed: 1/1 files
...
  ğŸ” éªŒè¯ 1/1: ls valid_script.py

ğŸ”§ æ‰§è¡Œå‘½ä»¤: ls valid_script.py
ğŸ“¤ è¿”å›ç : 0
ğŸ“ è¾“å‡º: valid_script.py
...
  âœ… éªŒè¯æˆåŠŸ
ğŸ‰ æ‰€æœ‰éªŒè¯é€šè¿‡ï¼Œå‘½ä»¤æˆåŠŸæ‰§è¡Œ

ğŸ”„ æ‰§è¡Œå¸¦é‡è¯•çš„å‘½ä»¤: upload --force /Users/wukunhuan/.local/bin/_UNITTEST/_DATA/invalid_script.py
ğŸ” éªŒè¯å‘½ä»¤: ['ls invalid_script.py']
ğŸ¯ æœ€å¤§é‡è¯•æ¬¡æ•°: 3

ğŸ“ å°è¯• 1/3

ğŸ”§ æ‰§è¡Œå‘½ä»¤: upload --force /Users/wukunhuan/.local/bin/_UNITTEST/_DATA/invalid_script.py
ğŸ“¤ è¿”å›ç : 0
ğŸ“ è¾“å‡º: â³ Waiting for upload .........âˆš
â³ Waiting for result .........âˆš
â³ Validating invalid_script.py ...âˆš
Upload completed: 1/1 files
...
  ğŸ” éªŒè¯ 1/1: ls invalid_script.py

ğŸ”§ æ‰§è¡Œå‘½ä»¤: ls invalid_script.py
ğŸ“¤ è¿”å›ç : 0
ğŸ“ è¾“å‡º: invalid_script.py
...
  âœ… éªŒè¯æˆåŠŸ
ğŸ‰ æ‰€æœ‰éªŒè¯é€šè¿‡ï¼Œå‘½ä»¤æˆåŠŸæ‰§è¡Œ

ğŸ”„ æ‰§è¡Œå¸¦é‡è¯•çš„å‘½ä»¤: upload --force /Users/wukunhuan/.local/bin/_UNITTEST/_DATA/valid_config.json
ğŸ” éªŒè¯å‘½ä»¤: ['ls valid_config.json']
ğŸ¯ æœ€å¤§é‡è¯•æ¬¡æ•°: 3

ğŸ“ å°è¯• 1/3

ğŸ”§ æ‰§è¡Œå‘½ä»¤: upload --force /Users/wukunhuan/.local/bin/_UNITTEST/_DATA/valid_config.json
ğŸ“¤ è¿”å›ç : 0
ğŸ“ è¾“å‡º: â³ Waiting for upload ........âˆš
â³ Waiting for result ...âˆš
â³ Validating valid_config.json ...âˆš
Upload completed: 1/1 files
...
  ğŸ” éªŒè¯ 1/1: ls valid_config.json

ğŸ”§ æ‰§è¡Œå‘½ä»¤: ls valid_config.json
ğŸ“¤ è¿”å›ç : 0
ğŸ“ è¾“å‡º: valid_config.json
...
  âœ… éªŒè¯æˆåŠŸ
ğŸ‰ æ‰€æœ‰éªŒè¯é€šè¿‡ï¼Œå‘½ä»¤æˆåŠŸæ‰§è¡Œ
âœ… æµ‹è¯•è¯­æ³•æ­£ç¡®çš„Pythonæ–‡ä»¶

ğŸ”§ æ‰§è¡Œå‘½ä»¤: linter valid_script.py
ğŸ“¤ è¿”å›ç : 1
ğŸ“ è¾“å‡º: âŒ Error executing shell command: 'FileOperations' object has no attribute 'cmd_linter'
...
ğŸ’¥ å‘½ä»¤æ‰§è¡Œå¼‚å¸¸: 1 != 0 : å‘½ä»¤æ‰§è¡Œå¤±è´¥: linter valid_script.py
