test_06c_path_edge_cases (test_gds.GDSTest.test_06c_path_edge_cases)
æµ‹è¯•è·¯å¾„è§£æçš„è¾¹ç•Œæƒ…å†µ ... FAIL

======================================================================
FAIL: test_06c_path_edge_cases (test_gds.GDSTest.test_06c_path_edge_cases)
æµ‹è¯•è·¯å¾„è§£æçš„è¾¹ç•Œæƒ…å†µ
----------------------------------------------------------------------
Traceback (most recent call last):
  File "/Users/wukunhuan/.local/bin/_UNITTEST/test_gds.py", line 317, in _run_gds_command
    self.assertEqual(result.returncode, 0, f"å‘½ä»¤æ‰§è¡Œå¤±è´¥: {command}")
AssertionError: 1 != 0 : å‘½ä»¤æ‰§è¡Œå¤±è´¥: mkdir -p edge_test/empty_dir

During handling of the above exception, another exception occurred:

Traceback (most recent call last):
  File "/Users/wukunhuan/.local/bin/_UNITTEST/test_gds.py", line 817, in test_06c_path_edge_cases
    result = self._run_gds_command('mkdir -p edge_test/empty_dir')
             ^^^^^^^^^^^^^^^^^^^^^^^^^^^^^^^^^^^^^^^^^^^^^^^^^^^^^
  File "/Users/wukunhuan/.local/bin/_UNITTEST/test_gds.py", line 323, in _run_gds_command
    self.fail(f"å‘½ä»¤æ‰§è¡Œå¼‚å¸¸: {command} - {e}")
AssertionError: å‘½ä»¤æ‰§è¡Œå¼‚å¸¸: mkdir -p edge_test/empty_dir - 1 != 0 : å‘½ä»¤æ‰§è¡Œå¤±è´¥: mkdir -p edge_test/empty_dir

----------------------------------------------------------------------
Ran 1 test in 166.381s

FAILED (failures=1)
ğŸš€ è®¾ç½®GDSå…¨é¢æµ‹è¯•ç¯å¢ƒ...
ğŸ“‚ æœ¬åœ°æµ‹è¯•æ•°æ®: /Users/wukunhuan/.local/bin/_UNITTEST/_DATA
ğŸ“‚ æœ¬åœ°ä¸´æ—¶æ–‡ä»¶: /Users/wukunhuan/.local/bin/_UNITTEST/_TEMP
ğŸ“ è¿œç«¯æµ‹è¯•ç›®å½•: ~/tmp/gds_test_20250826_163011_389383_e58ab68f
âœ… å·²åˆ‡æ¢åˆ°è¿œç«¯æµ‹è¯•ç›®å½•: ~/tmp/gds_test_20250826_163011_389383_e58ab68f
âœ… å·²åˆ‡æ¢åˆ°è¿œç«¯æµ‹è¯•ç›®å½•: ~/tmp/gds_test_20250826_163011_389383_e58ab68f
ğŸ“ æœ¬åœ°ä¸´æ—¶ç›®å½•: /var/folders/w0/m02j_xv925sg34708rb2xgzr0000gn/T/gds_test_local_pt_s4wbp
âœ… æµ‹è¯•ç¯å¢ƒè®¾ç½®å®Œæˆ

ğŸ§ª æµ‹è¯•06c: è·¯å¾„è§£æè¾¹ç•Œæƒ…å†µ
âŒ æµ‹è¯•ä¸å­˜åœ¨çš„è·¯å¾„

ğŸ”§ æ‰§è¡Œå‘½ä»¤: ls nonexistent_path
ğŸ“¤ è¿”å›ç : 1
ğŸ“ è¾“å‡º: =============
GDS ls nonexistent_path
=============
Failed to list files: Path not found: ~/tmp/gds_test_20250826_163011_389383_e58ab68f/nonexistent_path
...
âŒ æµ‹è¯•cdåˆ°ä¸å­˜åœ¨çš„è·¯å¾„

ğŸ”§ æ‰§è¡Œå‘½ä»¤: cd nonexistent_path
ğŸ“¤ è¿”å›ç : 1
ğŸ“ è¾“å‡º: =============
GDS cd nonexistent_path
=============
Directory does not exist: nonexistent_path
...
ğŸ—ï¸ åˆ›å»ºè¾¹ç•Œæµ‹è¯•ç›®å½•

ğŸ”§ æ‰§è¡Œå‘½ä»¤: mkdir -p edge_test/empty_dir
ğŸ“¤ è¿”å›ç : 1
ğŸ“ è¾“å‡º: =============
GDS mkdir -p edge_test/empty_dir
=============
â³ Waiting for result ......âˆš
â³ Validating dir creation ..............................................................âœ—
ç›®å½•åˆ›å»ºå¯èƒ½å¤±è´¥ï¼ŒéªŒè¯è¶…æ—¶: edge_...
ğŸ’¥ å‘½ä»¤æ‰§è¡Œå¼‚å¸¸: 1 != 0 : å‘½ä»¤æ‰§è¡Œå¤±è´¥: mkdir -p edge_test/empty_dir
