test_20_virtual_environment_workflow (test_gds.GDSTest.test_20_virtual_environment_workflow)
æµ‹è¯•è™šæ‹Ÿç¯å¢ƒå·¥ä½œæµç¨‹å’ŒåŠŸèƒ½éªŒè¯ ... FAIL

======================================================================
FAIL: test_20_virtual_environment_workflow (test_gds.GDSTest.test_20_virtual_environment_workflow)
æµ‹è¯•è™šæ‹Ÿç¯å¢ƒå·¥ä½œæµç¨‹å’ŒåŠŸèƒ½éªŒè¯
----------------------------------------------------------------------
Traceback (most recent call last):
  File "/Users/wukunhuan/.local/bin/_UNITTEST/test_gds.py", line 317, in _run_gds_command
    self.assertEqual(result.returncode, 0, f"å‘½ä»¤æ‰§è¡Œå¤±è´¥: {command}")
AssertionError: 1 != 0 : å‘½ä»¤æ‰§è¡Œå¤±è´¥: python -c "import colorama; print(\"colorama imported successfully\")"

During handling of the above exception, another exception occurred:

Traceback (most recent call last):
  File "/Users/wukunhuan/.local/bin/_UNITTEST/test_gds.py", line 1645, in test_20_virtual_environment_workflow
    result = self._run_gds_command('python -c "import colorama; print(\\"colorama imported successfully\\")"')
             ^^^^^^^^^^^^^^^^^^^^^^^^^^^^^^^^^^^^^^^^^^^^^^^^^^^^^^^^^^^^^^^^^^^^^^^^^^^^^^^^^^^^^^^^^^^^^^^^^
  File "/Users/wukunhuan/.local/bin/_UNITTEST/test_gds.py", line 323, in _run_gds_command
    self.fail(f"å‘½ä»¤æ‰§è¡Œå¼‚å¸¸: {command} - {e}")
AssertionError: å‘½ä»¤æ‰§è¡Œå¼‚å¸¸: python -c "import colorama; print(\"colorama imported successfully\")" - 1 != 0 : å‘½ä»¤æ‰§è¡Œå¤±è´¥: python -c "import colorama; print(\"colorama imported successfully\")"

----------------------------------------------------------------------
Ran 1 test in 156.914s

FAILED (failures=1)
ğŸš€ è®¾ç½®GDSå…¨é¢æµ‹è¯•ç¯å¢ƒ...
ğŸ“‚ æœ¬åœ°æµ‹è¯•æ•°æ®: /Users/wukunhuan/.local/bin/_UNITTEST/_DATA
ğŸ“‚ æœ¬åœ°ä¸´æ—¶æ–‡ä»¶: /Users/wukunhuan/.local/bin/_UNITTEST/_TEMP
ğŸ“ è¿œç«¯æµ‹è¯•ç›®å½•: ~/tmp/gds_test_20250826_163030_122324_443038a1
âœ… å·²åˆ‡æ¢åˆ°è¿œç«¯æµ‹è¯•ç›®å½•: ~/tmp/gds_test_20250826_163030_122324_443038a1
âœ… å·²åˆ‡æ¢åˆ°è¿œç«¯æµ‹è¯•ç›®å½•: ~/tmp/gds_test_20250826_163030_122324_443038a1
ğŸ“ æœ¬åœ°ä¸´æ—¶ç›®å½•: /var/folders/w0/m02j_xv925sg34708rb2xgzr0000gn/T/gds_test_local_8jyaf_7a
âœ… æµ‹è¯•ç¯å¢ƒè®¾ç½®å®Œæˆ

ğŸ§ª æµ‹è¯•20: è™šæ‹Ÿç¯å¢ƒå·¥ä½œæµç¨‹å’ŒåŠŸèƒ½éªŒè¯
ğŸ“¦ è™šæ‹Ÿç¯å¢ƒåç§°: test_env_1756197060

ğŸ”§ æ‰§è¡Œå‘½ä»¤: venv --create test_env_1756197060
ğŸ“¤ è¿”å›ç : 0
ğŸ“ è¾“å‡º: =============
GDS venv --create test_env_1756197060
=============
â³ Waiting for result .......âˆš
Virtual environment 'test_env_1756197060' created successfully
Environment path: /content/drive/MyDrive/...

ğŸ”§ æ‰§è¡Œå‘½ä»¤: venv --list
ğŸ“¤ è¿”å›ç : 0
ğŸ“ è¾“å‡º: =============
GDS venv --list
=============
Virtual environments (11 total):
  20250826_1
  debug_test_env_1756196056
  empty_env_1756111020
  gaussianobject_env
  test_env_1756110677
  test_env_17561...

ğŸ”§ æ‰§è¡Œå‘½ä»¤: venv --activate test_env_1756197060
ğŸ“¤ è¿”å›ç : 0
ğŸ“ è¾“å‡º: =============
GDS venv --activate test_env_1756197060
=============
â³ Waiting for result .....âˆš
Virtual environment activated successfully
...

ğŸ”§ æ‰§è¡Œå‘½ä»¤: pip install colorama
ğŸ“¤ è¿”å›ç : 0
ğŸ“ è¾“å‡º: =============
GDS pip install colorama
=============
â³ Waiting for result .....âˆš
Remote pip output:
Starting pip install colorama...
Full pip command: ['pip', 'install', 'colorama', '--target', "'/con...

ğŸ”§ æ‰§è¡Œå‘½ä»¤: python -c "import colorama; print(\"colorama imported successfully\")"
ğŸ“¤ è¿”å›ç : 1
ğŸ“ è¾“å‡º: =============
GDS python -c import colorama; print("colorama imported successfully")
=============
â³ Waiting for result ....âˆš
...
âš ï¸ é”™è¯¯: Traceback (most recent call last):
  File "<string>", line 1, in <module>
  File "<string>", line 1, in <module>
ModuleNotFoundError: No module named 'colorama'
...
ğŸ’¥ å‘½ä»¤æ‰§è¡Œå¼‚å¸¸: 1 != 0 : å‘½ä»¤æ‰§è¡Œå¤±è´¥: python -c "import colorama; print(\"colorama imported successfully\")"
