test_07_advanced_file_operations (test_gds.GDSTest.test_07_advanced_file_operations)
æµ‹è¯•é«˜çº§æ–‡ä»¶æ“ä½œï¼ˆä»æµ‹è¯•10åˆå¹¶ï¼‰ ... FAIL

======================================================================
FAIL: test_07_advanced_file_operations (test_gds.GDSTest.test_07_advanced_file_operations)
æµ‹è¯•é«˜çº§æ–‡ä»¶æ“ä½œï¼ˆä»æµ‹è¯•10åˆå¹¶ï¼‰
----------------------------------------------------------------------
Traceback (most recent call last):
  File "/Users/wukunhuan/.local/bin/_UNITTEST/test_gds.py", line 863, in test_07_advanced_file_operations
    self.assertTrue(self._verify_file_exists("advanced_project/src/main.py"))
AssertionError: False is not true

----------------------------------------------------------------------
Ran 1 test in 121.815s

FAILED (failures=1)
ğŸš€ è®¾ç½®GDSå…¨é¢æµ‹è¯•ç¯å¢ƒ...
ğŸ“‚ æœ¬åœ°æµ‹è¯•æ•°æ®: /Users/wukunhuan/.local/bin/_UNITTEST/_DATA
ğŸ“‚ æœ¬åœ°ä¸´æ—¶æ–‡ä»¶: /Users/wukunhuan/.local/bin/_UNITTEST/_TEMP
ğŸ“ è¿œç«¯æµ‹è¯•ç›®å½•: ~/tmp/gds_test_20250826_161635_318643_d81b5585
âœ… å·²åˆ‡æ¢åˆ°è¿œç«¯æµ‹è¯•ç›®å½•: ~/tmp/gds_test_20250826_161635_318643_d81b5585
âœ… å·²åˆ‡æ¢åˆ°è¿œç«¯æµ‹è¯•ç›®å½•: ~/tmp/gds_test_20250826_161635_318643_d81b5585
ğŸ“ æœ¬åœ°ä¸´æ—¶ç›®å½•: /var/folders/w0/m02j_xv925sg34708rb2xgzr0000gn/T/gds_test_local_8fpcyr7j
âœ… æµ‹è¯•ç¯å¢ƒè®¾ç½®å®Œæˆ

ğŸ§ª æµ‹è¯•09: é«˜çº§æ–‡ä»¶æ“ä½œ

ğŸ”§ æ‰§è¡Œå‘½ä»¤: mkdir -p advanced_project/src/utils
ğŸ“¤ è¿”å›ç : 0
ğŸ“ è¾“å‡º: =============
GDS mkdir -p advanced_project/src/utils
=============
â³ Waiting for result ......âˆš
â³ Validating dir creation ...âˆš
...

ğŸ”§ æ‰§è¡Œå‘½ä»¤: 'echo "# Main module" > advanced_project/src/main.py'
ğŸ“¤ è¿”å›ç : 0
ğŸ“ è¾“å‡º: =============
GDS echo "# Main module" > advanced_project/src/main.py
=============
â³ Waiting for result .....âˆš
â³ Validating file creation ...âˆš
...

ğŸ”§ æ‰§è¡Œå‘½ä»¤: 'echo "# Utilities" > advanced_project/src/utils/helpers.py'
ğŸ“¤ è¿”å›ç : 0
ğŸ“ è¾“å‡º: =============
GDS echo "# Utilities" > advanced_project/src/utils/helpers.py
=============
â³ Waiting for result ......âˆš
â³ Validating file creation ...âˆš
...

ğŸ”§ æ‰§è¡Œå‘½ä»¤: ls advanced_project/src/main.py
ğŸ“¤ è¿”å›ç : 1
ğŸ“ è¾“å‡º: =============
GDS ls advanced_project/src/main.py
=============
Failed to list files: Path not found: ~/tmp/gds_test_20250826_161635_318643_d81b5585/advanced_project/src/main.py
...
