test_08_grep (test_gds.GDSTest) ... /Users/wukunhuan/Library/Python/3.9/lib/python/site-packages/urllib3/__init__.py:35: NotOpenSSLWarning: urllib3 v2 only supports OpenSSL 1.1.1+, currently the 'ssl' module is compiled with 'LibreSSL 2.8.3'. See: https://github.com/urllib3/urllib3/issues/3020
  warnings.warn(
FAIL

======================================================================
FAIL: test_08_grep (test_gds.GDSTest)
----------------------------------------------------------------------
Traceback (most recent call last):
  File "/Users/wukunhuan/.local/bin/_UNITTEST/test_gds.py", line 1186, in test_08_grep
    self.assertIn("1: Line 1: Hello world", output)
AssertionError: '1: Line 1: Hello world' not found in '\n\x1b[Kâ³ Waiting for result ....\n\x1b[K\n\x1b[K'

----------------------------------------------------------------------
Ran 1 test in 104.769s

FAILED (failures=1)
è®¾ç½®GDSå…¨é¢æµ‹è¯•ç¯å¢ƒ...
è¿œç«¯æµ‹è¯•ç›®å½•: ~/tmp/gds_test_20251013_005010_234179_fc95daeb
å·²åˆ‡æ¢åˆ°è¿œç«¯æµ‹è¯•ç›®å½•: ~/tmp/gds_test_20251013_005010_234179_fc95daeb
æœ¬åœ°ä¸´æ—¶ç›®å½•: /var/folders/w0/m02j_xv925sg34708rb2xgzr0000gn/T/gds_test_local_dxnemjqf
æµ‹è¯•ç¯å¢ƒè®¾ç½®å®Œæˆ
å‘½ä»¤è½¬è¯‘æˆåŠŸ: 'echo "Line 1: Hello world
Line 2: This is a test
Line 3: Hello again
Line 4: Multiple Hello Hello Hello
Line 5: No match here" > grep_test.txt' -> __QUOTED_COMMAND__echo 'Line 1: Hello world
Line 2: This is a test
Line 3: Hello again
Line 4: Multiple Hello Hello Hello
Line 5: No match here' > grep_test.txt
è¿”å›ç : 0
è¾“å‡º: 
[Kâ³ Waiting for result ......
[K
[K...
å‘½ä»¤è½¬è¯‘æˆåŠŸ: ls grep_test.txt -> ls grep_test.txt
è¿”å›ç : 0
è¾“å‡º: grep_test.txt
...
å‘½ä»¤è½¬è¯‘æˆåŠŸ: grep grep_test.txt -> grep grep_test.txt
è¿”å›ç : 0
è¾“å‡º: 
[Kâ³ Waiting for result ....
[K
[K...
