test_15_venv_package (test_gds.GDSTest) ... /Users/wukunhuan/Library/Python/3.9/lib/python/site-packages/urllib3/__init__.py:35: NotOpenSSLWarning: urllib3 v2 only supports OpenSSL 1.1.1+, currently the 'ssl' module is compiled with 'LibreSSL 2.8.3'. See: https://github.com/urllib3/urllib3/issues/3020
  warnings.warn(
FAIL

======================================================================
FAIL: test_15_venv_package (test_gds.GDSTest)
----------------------------------------------------------------------
Traceback (most recent call last):
  File "/Users/wukunhuan/.local/bin/_UNITTEST/test_gds.py", line 1784, in test_15_venv_package
    self.assertIn("No virtual environment", result.stdout)
AssertionError: 'No virtual environment' not found in '\n\x1b[Kâ³ Waiting for result ......\n\x1b[K\n\x1b[K'

----------------------------------------------------------------------
Ran 1 test in 121.631s

FAILED (failures=1)
è®¾ç½®GDSå…¨é¢æµ‹è¯•ç¯å¢ƒ...
è¿œç«¯æµ‹è¯•ç›®å½•: ~/tmp/gds_test_20251016_191526_192003_32497822
å·²åˆ‡æ¢åˆ°è¿œç«¯æµ‹è¯•ç›®å½•: ~/tmp/gds_test_20251016_191526_192003_32497822
æœ¬åœ°ä¸´æ—¶ç›®å½•: /var/folders/w0/m02j_xv925sg34708rb2xgzr0000gn/T/gds_test_local_5m8dw58r
æµ‹è¯•ç¯å¢ƒè®¾ç½®å®Œæˆ
è™šæ‹Ÿç¯å¢ƒåç§°: current_test_env_1760613400
æ¸…ç†æµ‹è¯•ç¯å¢ƒ...
å‘½ä»¤è½¬è¯‘æˆåŠŸ: venv --deactivate -> venv --deactivate
è¿”å›ç : 0
è¾“å‡º: 
[Kâ³ Waiting for result .......
[K
[K...
Warning: é”™è¯¯: bash: line 1: venv: command not found
...
å‘½ä»¤è½¬è¯‘æˆåŠŸ: venv --current -> venv --current
è¿”å›ç : 0
è¾“å‡º: 
[Kâ³ Waiting for result ......
[K
[K...
Warning: é”™è¯¯: bash: line 1: venv: command not found
...
