test_10_read (test_gds.GDSTest) ... /Users/wukunhuan/Library/Python/3.9/lib/python/site-packages/urllib3/__init__.py:35: NotOpenSSLWarning: urllib3 v2 only supports OpenSSL 1.1.1+, currently the 'ssl' module is compiled with 'LibreSSL 2.8.3'. See: https://github.com/urllib3/urllib3/issues/3020
  warnings.warn(
FAIL

======================================================================
FAIL: test_10_read (test_gds.GDSTest)
----------------------------------------------------------------------
Traceback (most recent call last):
  File "/Users/wukunhuan/.local/bin/_UNITTEST/test_gds.py", line 357, in _run_gds_command
    self.assertEqual(result.returncode, 0, f"å‘½ä»¤æ‰§è¡Œå¤±è´¥: {command}")
  File "/Library/Developer/CommandLineTools/Library/Frameworks/Python3.framework/Versions/3.9/lib/python3.9/unittest/case.py", line 831, in assertEqual
    assertion_func(first, second, msg=msg)
AssertionError: 1 != 0 : å‘½ä»¤æ‰§è¡Œå¤±è´¥: find . -name "*.py"

During handling of the above exception, another exception occurred:

Traceback (most recent call last):
  File "/Users/wukunhuan/.local/bin/_UNITTEST/test_gds.py", line 1368, in test_10_read
    result = self._run_gds_command('find . -name "*.py"')
  File "/Users/wukunhuan/.local/bin/_UNITTEST/test_gds.py", line 363, in _run_gds_command
    self.fail(f"å‘½ä»¤æ‰§è¡Œå¼‚å¸¸: {command} - {e}")
AssertionError: å‘½ä»¤æ‰§è¡Œå¼‚å¸¸: find . -name "*.py" - 1 != 0 : å‘½ä»¤æ‰§è¡Œå¤±è´¥: find . -name "*.py"

----------------------------------------------------------------------
Ran 1 test in 258.486s

FAILED (failures=1)
è®¾ç½®GDSå…¨é¢æµ‹è¯•ç¯å¢ƒ...
è¿œç«¯æµ‹è¯•ç›®å½•: ~/tmp/gds_test_20251016_004207_922447_ce23dc2c
å·²åˆ‡æ¢åˆ°è¿œç«¯æµ‹è¯•ç›®å½•: ~/tmp/gds_test_20251016_004207_922447_ce23dc2c
æœ¬åœ°ä¸´æ—¶ç›®å½•: /var/folders/w0/m02j_xv925sg34708rb2xgzr0000gn/T/gds_test_local_3r7djmzo
æµ‹è¯•ç¯å¢ƒè®¾ç½®å®Œæˆ

æ‰§è¡Œå¸¦é‡è¯•çš„uploadå‘½ä»¤: upload --force /Users/wukunhuan/.local/bin/_UNITTEST/_TEMP/test_read_simple_hello.py
éªŒè¯å‘½ä»¤: ['ls test_read_simple_hello.py']
æœ€å¤§é‡è¯•æ¬¡æ•°: 3

å°è¯• 1/3
å‘½ä»¤è½¬è¯‘æˆåŠŸ: upload --force /Users/wukunhuan/.local/bin/_UNITTEST/_TEMP/test_read_simple_hello.py -> upload --force /Users/wukunhuan/.local/bin/_UNITTEST/_TEMP/test_read_simple_hello.py
è¿”å›ç : 0
è¾“å‡º: 
[Kâ³ Waiting for upload ...
[K
[Kâ³ Waiting for file sync ...........
[K
[Kâ³ Waiting for result ...
[K
[K
[Kâ³ Validating test_read_simple_hello.py ...
[K...
è¿”å›ç : 0
è¾“å‡º: 
[Kâ³ Waiting for upload ...
[K
[Kâ³ Waiting for file sync ...........
[K
[Kâ³ Waiting for result ...
[K
[K
[Kâ³ Validating test_read_simple_hello.py ...
[K
éªŒè¯å‘½ä»¤ 1: ls test_read_simple_hello.py
å‘½ä»¤è½¬è¯‘æˆåŠŸ: ls test_read_simple_hello.py -> ls test_read_simple_hello.py
è¿”å›ç : 0
è¾“å‡º: test_read_simple_hello.py
...
éªŒè¯æˆåŠŸ: ls test_read_simple_hello.py
æ‰€æœ‰éªŒè¯é€šè¿‡!
å‘½ä»¤è½¬è¯‘æˆåŠŸ: cat test_read_simple_hello.py -> cat test_read_simple_hello.py
è¿”å›ç : 0
è¾“å‡º: """
Simple Hello Script
"""
print(f"Hello from remote project!")
print(f"Current working directory:", __import__("os").getcwd())
import sys
print(f"Python version:", sys.version)
...
å‘½ä»¤è½¬è¯‘æˆåŠŸ: read test_read_simple_hello.py -> read test_read_simple_hello.py
è¿”å›ç : 0
è¾“å‡º:   1: """
  2: Simple Hello Script
  3: """
  4: print(f"Hello from remote project!")
  5: print(f"Current working directory:", __import__("os").getcwd())
  6: import sys
  7: print(f"Python version:",...
å‘½ä»¤è½¬è¯‘æˆåŠŸ: read test_read_simple_hello.py 1 3 -> read test_read_simple_hello.py 1 3
è¿”å›ç : 0
è¾“å‡º:   1: """
  2: Simple Hello Script
  3: """
  4: print(f"Hello from remote project!")
  5: print(f"Current working directory:", __import__("os").getcwd())
  6: import sys
  7: print(f"Python version:",...
å‘½ä»¤è½¬è¯‘æˆåŠŸ: grep "print" test_read_simple_hello.py -> grep "print" test_read_simple_hello.py
è¿”å›ç : 0
è¾“å‡º:   4: print(f"Hello from remote project!")
  5: print(f"Current working directory:", __import__("os").getcwd())
  7: print(f"Python version:", sys.version)
...
å‘½ä»¤è½¬è¯‘æˆåŠŸ: find . -name "*.py" -> find . -name "*.py"
è¿”å›ç : 1
è¾“å‡º: Command 'find . -name "*.py"' failed
...
å‘½ä»¤æ‰§è¡Œå¼‚å¸¸: 1 != 0 : å‘½ä»¤æ‰§è¡Œå¤±è´¥: find . -name "*.py"
