test_11_project_development (test_gds.GDSTest) ... /Users/wukunhuan/Library/Python/3.9/lib/python/site-packages/urllib3/__init__.py:35: NotOpenSSLWarning: urllib3 v2 only supports OpenSSL 1.1.1+, currently the 'ssl' module is compiled with 'LibreSSL 2.8.3'. See: https://github.com/urllib3/urllib3/issues/3020
  warnings.warn(
FAIL

======================================================================
FAIL: test_11_project_development (test_gds.GDSTest)
----------------------------------------------------------------------
Traceback (most recent call last):
  File "/Users/wukunhuan/.local/bin/_UNITTEST/test_gds.py", line 357, in _run_gds_command
    self.assertEqual(result.returncode, 0, f"命令执行失败: {command}")
  File "/Library/Developer/CommandLineTools/Library/Frameworks/Python3.framework/Versions/3.9/lib/python3.9/unittest/case.py", line 831, in assertEqual
    assertion_func(first, second, msg=msg)
AssertionError: 1 != 0 : 命令执行失败: cat config.json

During handling of the above exception, another exception occurred:

Traceback (most recent call last):
  File "/Users/wukunhuan/.local/bin/_UNITTEST/test_gds.py", line 1544, in test_11_project_development
    result = self._run_gds_command('cat config.json')
  File "/Users/wukunhuan/.local/bin/_UNITTEST/test_gds.py", line 363, in _run_gds_command
    self.fail(f"命令执行异常: {command} - {e}")
AssertionError: 命令执行异常: cat config.json - 1 != 0 : 命令执行失败: cat config.json

----------------------------------------------------------------------
Ran 1 test in 338.656s

FAILED (failures=1)
设置GDS全面测试环境...
远端测试目录: ~/tmp/gds_test_20251013_005736_011631_d6a27959
已切换到远端测试目录: ~/tmp/gds_test_20251013_005736_011631_d6a27959
本地临时目录: /var/folders/w0/m02j_xv925sg34708rb2xgzr0000gn/T/gds_test_local_0q645835
测试环境设置完成
阶段1: 项目初始化
命令转译成功: mkdir -p myproject/src myproject/tests myproject/docs -> mkdir -p myproject/src myproject/tests myproject/docs
返回码: 0
输出: 
[K⏳ Waiting for result .....
[K
[K...
命令转译成功: ls myproject/src -> ls myproject/src
返回码: 0
命令转译成功: ls myproject/tests -> ls myproject/tests
返回码: 0
命令转译成功: ls myproject/docs -> ls myproject/docs
返回码: 0
命令转译成功: 'echo "# My Project\nA sample Python project for testing" > myproject/README.md' -> __QUOTED_COMMAND__echo '# My Project
A sample Python project for testing' > myproject/README.md
返回码: 0
输出: 
[K⏳ Waiting for result ....
[K
[K...
命令转译成功: 'echo "requests>=2.25.0\nnumpy>=1.20.0\npandas>=1.3.0" > myproject/requirements.txt' -> __QUOTED_COMMAND__echo 'requests>=2.25.0
numpy>=1.20.0
pandas>=1.3.0' > myproject/requirements.txt
返回码: 0
输出: 
[K⏳ Waiting for result .......
[K
[K...
命令转译成功: 'echo "# 主应用文件
import sys
import json
from datetime import datetime

def load_config(config_file=\"config.json\"):
    # 加载配置文件
    try:
        with open(config_file, \"r\") as f:
            return json.load(f)
    except FileNotFoundError:
        print(f\"配置文件 {config_file} 不存在\")
        return {}

def process_data(data_list):
    # 处理数据列表
    if not data_list:
        return {\"error\": \"数据为空\"}
    
    result = {
        \"count\": len(data_list),
        \"sum\": sum(data_list),
        \"average\": sum(data_list) / len(data_list),
        \"max\": max(data_list),
        \"min\": min(data_list)
    }
    return result

def main():
    # 主函数
    print(f\"应用启动\")
    print(f\"当前时间: {datetime.now()}\")
    
    # 加载配置
    config = load_config()
    print(f\"配置: {config}\")
    
    # 处理示例数据
    sample_data = [1, 2, 3, 4, 5, 10, 15, 20]
    result = process_data(sample_data)
    print(f\"处理结果: {result}\")
    
    print(f\"应用完成\")

if __name__ == \"__main__\":
    main()
" > myproject/src/main.py' -> __QUOTED_COMMAND__echo '# 主应用文件
import sys
import json
from datetime import datetime

def load_config(config_file="config.json"):
    # 加载配置文件
    try:
        with open(config_file, "r") as f:
            return json.load(f)
    except FileNotFoundError:
        print(f"配置文件 {config_file} 不存在")
        return {}

def process_data(data_list):
    # 处理数据列表
    if not data_list:
        return {"error": "数据为空"}
    
    result = {
        "count": len(data_list),
        "sum": sum(data_list),
        "average": sum(data_list) / len(data_list),
        "max": max(data_list),
        "min": min(data_list)
    }
    return result

def main():
    # 主函数
    print(f"应用启动")
    print(f"当前时间: {datetime.now()}")
    
    # 加载配置
    config = load_config()
    print(f"配置: {config}")
    
    # 处理示例数据
    sample_data = [1, 2, 3, 4, 5, 10, 15, 20]
    result = process_data(sample_data)
    print(f"处理结果: {result}")
    
    print(f"应用完成")

if __name__ == "__main__":
    main()
' > myproject/src/main.py
返回码: 0
输出: 
[K⏳ Waiting for result ......
[K
[K...
命令转译成功: ls myproject/README.md -> ls myproject/README.md
返回码: 0
输出: README.md
...
命令转译成功: ls myproject/requirements.txt -> ls myproject/requirements.txt
返回码: 0
输出: requirements.txt
...
命令转译成功: ls myproject/src/main.py -> ls myproject/src/main.py
返回码: 0
输出: main.py
...
阶段2: 环境设置
虚拟环境名称: myproject_env_1760288441
命令转译成功: venv --create myproject_env_1760288441 -> venv --create myproject_env_1760288441
返回码: 0
输出: 
[K⏳ Waiting for result ......
[K
[K...
Warning: 错误: bash: line 1: venv: command not found
...
命令转译成功: venv --activate myproject_env_1760288441 -> venv --activate myproject_env_1760288441
返回码: 0
输出: 
[K⏳ Waiting for result ......
[K
[K...
Warning: 错误: bash: line 1: venv: command not found
...
命令转译成功: pip install requests -> pip install requests
返回码: 0
输出: 
[K⏳ Waiting for result .......
[K
[KRequirement already satisfied: requests in /usr/local/lib/python3.12/dist-packages (2.32.4)
Requirement already satisfied: charset_normalizer<4,>=2 in /usr/loca...
阶段3: 开发调试
命令转译成功: cd myproject/src -> cd myproject/src
返回码: 0
命令转译成功: python main.py -> python main.py
返回码: 0
输出: 
[K⏳ Waiting for result ......
[K
[K应用启动
当前时间: 2025-10-12 17:01:59.655199
配置文件 config.json 不存在
配置: {}
处理结果: {'count': 8, 'sum': 60, 'average': 7.5, 'max': 20, 'min': 1}
应用完成
...
命令转译成功: 'echo "{\"debug\": true, \"version\": \"1.0.0\", \"author\": \"developer\"}" > config.json' -> __QUOTED_COMMAND__echo '{"debug": true, "version": "1.0.0", "author": "developer"}' > config.json
返回码: 0
输出: 
[K⏳ Waiting for result .....
[K
[K...
命令转译成功: python main.py -> python main.py
返回码: 0
输出: 
[K⏳ Waiting for result .......
[K
[K...
Warning: 错误: python3: can't open file '/content/drive/MyDrive/REMOTE_ROOT/tmp/gds_test_20251013_010129_481604_6e9dde29/main.py': [Errno 2] No such file or directory
...
阶段4: 问题解决
命令转译成功: grep "def " main.py -> grep "def " main.py
返回码: 0
输出: 
[K⏳ Waiting for result .......
[K
[K...
Warning: 错误: grep: main.py: No such file or directory
...
grep命令成功
命令转译成功: cat config.json -> cat config.json
返回码: 1
输出: File or directory does not exist: config.json
...
命令执行异常: 1 != 0 : 命令执行失败: cat config.json
