test_07_upload (test_gds.GDSTest) ... /Users/wukunhuan/Library/Python/3.9/lib/python/site-packages/urllib3/__init__.py:35: NotOpenSSLWarning: urllib3 v2 only supports OpenSSL 1.1.1+, currently the 'ssl' module is compiled with 'LibreSSL 2.8.3'. See: https://github.com/urllib3/urllib3/issues/3020
  warnings.warn(
FAIL

======================================================================
FAIL: test_07_upload (test_gds.GDSTest)
----------------------------------------------------------------------
Traceback (most recent call last):
  File "/Users/wukunhuan/.local/bin/_UNITTEST/test_gds.py", line 1069, in test_07_upload
    self.assertTrue(success, f"æ–‡ä»¶ä¸Šä¼ å¤±è´¥: {result.stderr if result else 'Unknown error'}")
AssertionError: False is not true : æ–‡ä»¶ä¸Šä¼ å¤±è´¥: bash: line 1: upload: command not found


----------------------------------------------------------------------
Ran 1 test in 166.413s

FAILED (failures=1)
è®¾ç½®GDSå…¨é¢æµ‹è¯•ç¯å¢ƒ...
è¿œç«¯æµ‹è¯•ç›®å½•: ~/tmp/gds_test_20251013_004331_142755_383d7b61
å·²åˆ‡æ¢åˆ°è¿œç«¯æµ‹è¯•ç›®å½•: ~/tmp/gds_test_20251013_004331_142755_383d7b61
æœ¬åœ°ä¸´æ—¶ç›®å½•: /var/folders/w0/m02j_xv925sg34708rb2xgzr0000gn/T/gds_test_local_oqsmi9rg
æµ‹è¯•ç¯å¢ƒè®¾ç½®å®Œæˆ

æ‰§è¡Œå¸¦é‡è¯•çš„å‘½ä»¤: upload --force /Users/wukunhuan/.local/bin/_UNITTEST/_TEMP/test_upload_simple_hello.py
éªŒè¯å‘½ä»¤: ['ls test_upload_simple_hello.py']
æœ€å¤§é‡è¯•æ¬¡æ•°: 3

å°è¯• 1/3
å‘½ä»¤è½¬è¯‘æˆåŠŸ: upload --force /Users/wukunhuan/.local/bin/_UNITTEST/_TEMP/test_upload_simple_hello.py -> upload --force /Users/wukunhuan/.local/bin/_UNITTEST/_TEMP/test_upload_simple_hello.py
è¿”å›ç : 0
è¾“å‡º: 
[Kâ³ Waiting for result ......
[K
[K...
Warning: é”™è¯¯: bash: line 1: upload: command not found
...
Verify 1/1: ls test_upload_simple_hello.py
å‘½ä»¤è½¬è¯‘æˆåŠŸ: ls test_upload_simple_hello.py -> ls test_upload_simple_hello.py
è¿”å›ç : 1
è¾“å‡º: Failed to list files: Path not found: test_upload_simple_hello.py
...
Error: Verify failed, return code: 1
Verify failed, waiting 2 seconds before retrying...

å°è¯• 2/3
å‘½ä»¤è½¬è¯‘æˆåŠŸ: upload --force /Users/wukunhuan/.local/bin/_UNITTEST/_TEMP/test_upload_simple_hello.py -> upload --force /Users/wukunhuan/.local/bin/_UNITTEST/_TEMP/test_upload_simple_hello.py
è¿”å›ç : 0
è¾“å‡º: 
[Kâ³ Waiting for result ......
[K
[K...
Warning: é”™è¯¯: bash: line 1: upload: command not found
...
Verify 1/1: ls test_upload_simple_hello.py
å‘½ä»¤è½¬è¯‘æˆåŠŸ: ls test_upload_simple_hello.py -> ls test_upload_simple_hello.py
è¿”å›ç : 1
è¾“å‡º: Failed to list files: Path not found: test_upload_simple_hello.py
...
Error: Verify failed, return code: 1
Verify failed, waiting 2 seconds before retrying...

å°è¯• 3/3
å‘½ä»¤è½¬è¯‘æˆåŠŸ: upload --force /Users/wukunhuan/.local/bin/_UNITTEST/_TEMP/test_upload_simple_hello.py -> upload --force /Users/wukunhuan/.local/bin/_UNITTEST/_TEMP/test_upload_simple_hello.py
è¿”å›ç : 0
è¾“å‡º: 
[Kâ³ Waiting for result ......
[K
[K...
Warning: é”™è¯¯: bash: line 1: upload: command not found
...
Verify 1/1: ls test_upload_simple_hello.py
å‘½ä»¤è½¬è¯‘æˆåŠŸ: ls test_upload_simple_hello.py -> ls test_upload_simple_hello.py
è¿”å›ç : 1
è¾“å‡º: Failed to list files: Path not found: test_upload_simple_hello.py
...
Error: Verify failed, return code: 1
All retries failed
