test_11_project_development (test_gds.GDSTest) ... /Users/wukunhuan/Library/Python/3.9/lib/python/site-packages/urllib3/__init__.py:35: NotOpenSSLWarning: urllib3 v2 only supports OpenSSL 1.1.1+, currently the 'ssl' module is compiled with 'LibreSSL 2.8.3'. See: https://github.com/urllib3/urllib3/issues/3020
  warnings.warn(
FAIL

======================================================================
FAIL: test_11_project_development (test_gds.GDSTest)
----------------------------------------------------------------------
Traceback (most recent call last):
  File "/Users/wukunhuan/.local/bin/_UNITTEST/test_gds.py", line 357, in _run_gds_command
    self.assertEqual(result.returncode, 0, f"å‘½ä»¤æ‰§è¡Œå¤±è´¥: {command}")
  File "/Library/Developer/CommandLineTools/Library/Frameworks/Python3.framework/Versions/3.9/lib/python3.9/unittest/case.py", line 831, in assertEqual
    assertion_func(first, second, msg=msg)
AssertionError: 1 != 0 : å‘½ä»¤æ‰§è¡Œå¤±è´¥: cat config.json

During handling of the above exception, another exception occurred:

Traceback (most recent call last):
  File "/Users/wukunhuan/.local/bin/_UNITTEST/test_gds.py", line 1544, in test_11_project_development
    result = self._run_gds_command('cat config.json')
  File "/Users/wukunhuan/.local/bin/_UNITTEST/test_gds.py", line 363, in _run_gds_command
    self.fail(f"å‘½ä»¤æ‰§è¡Œå¼‚å¸¸: {command} - {e}")
AssertionError: å‘½ä»¤æ‰§è¡Œå¼‚å¸¸: cat config.json - 1 != 0 : å‘½ä»¤æ‰§è¡Œå¤±è´¥: cat config.json

----------------------------------------------------------------------
Ran 1 test in 338.656s

FAILED (failures=1)
è®¾ç½®GDSå…¨é¢æµ‹è¯•ç¯å¢ƒ...
è¿œç«¯æµ‹è¯•ç›®å½•: ~/tmp/gds_test_20251013_005736_011631_d6a27959
å·²åˆ‡æ¢åˆ°è¿œç«¯æµ‹è¯•ç›®å½•: ~/tmp/gds_test_20251013_005736_011631_d6a27959
æœ¬åœ°ä¸´æ—¶ç›®å½•: /var/folders/w0/m02j_xv925sg34708rb2xgzr0000gn/T/gds_test_local_0q645835
æµ‹è¯•ç¯å¢ƒè®¾ç½®å®Œæˆ
é˜¶æ®µ1: é¡¹ç›®åˆå§‹åŒ–
å‘½ä»¤è½¬è¯‘æˆåŠŸ: mkdir -p myproject/src myproject/tests myproject/docs -> mkdir -p myproject/src myproject/tests myproject/docs
è¿”å›ç : 0
è¾“å‡º: 
[Kâ³ Waiting for result .....
[K
[K...
å‘½ä»¤è½¬è¯‘æˆåŠŸ: ls myproject/src -> ls myproject/src
è¿”å›ç : 0
å‘½ä»¤è½¬è¯‘æˆåŠŸ: ls myproject/tests -> ls myproject/tests
è¿”å›ç : 0
å‘½ä»¤è½¬è¯‘æˆåŠŸ: ls myproject/docs -> ls myproject/docs
è¿”å›ç : 0
å‘½ä»¤è½¬è¯‘æˆåŠŸ: 'echo "# My Project\nA sample Python project for testing" > myproject/README.md' -> __QUOTED_COMMAND__echo '# My Project
A sample Python project for testing' > myproject/README.md
è¿”å›ç : 0
è¾“å‡º: 
[Kâ³ Waiting for result ....
[K
[K...
å‘½ä»¤è½¬è¯‘æˆåŠŸ: 'echo "requests>=2.25.0\nnumpy>=1.20.0\npandas>=1.3.0" > myproject/requirements.txt' -> __QUOTED_COMMAND__echo 'requests>=2.25.0
numpy>=1.20.0
pandas>=1.3.0' > myproject/requirements.txt
è¿”å›ç : 0
è¾“å‡º: 
[Kâ³ Waiting for result .......
[K
[K...
å‘½ä»¤è½¬è¯‘æˆåŠŸ: 'echo "# ä¸»åº”ç”¨æ–‡ä»¶
import sys
import json
from datetime import datetime

def load_config(config_file=\"config.json\"):
    # åŠ è½½é…ç½®æ–‡ä»¶
    try:
        with open(config_file, \"r\") as f:
            return json.load(f)
    except FileNotFoundError:
        print(f\"é…ç½®æ–‡ä»¶ {config_file} ä¸å­˜åœ¨\")
        return {}

def process_data(data_list):
    # å¤„ç†æ•°æ®åˆ—è¡¨
    if not data_list:
        return {\"error\": \"æ•°æ®ä¸ºç©º\"}
    
    result = {
        \"count\": len(data_list),
        \"sum\": sum(data_list),
        \"average\": sum(data_list) / len(data_list),
        \"max\": max(data_list),
        \"min\": min(data_list)
    }
    return result

def main():
    # ä¸»å‡½æ•°
    print(f\"åº”ç”¨å¯åŠ¨\")
    print(f\"å½“å‰æ—¶é—´: {datetime.now()}\")
    
    # åŠ è½½é…ç½®
    config = load_config()
    print(f\"é…ç½®: {config}\")
    
    # å¤„ç†ç¤ºä¾‹æ•°æ®
    sample_data = [1, 2, 3, 4, 5, 10, 15, 20]
    result = process_data(sample_data)
    print(f\"å¤„ç†ç»“æœ: {result}\")
    
    print(f\"åº”ç”¨å®Œæˆ\")

if __name__ == \"__main__\":
    main()
" > myproject/src/main.py' -> __QUOTED_COMMAND__echo '# ä¸»åº”ç”¨æ–‡ä»¶
import sys
import json
from datetime import datetime

def load_config(config_file="config.json"):
    # åŠ è½½é…ç½®æ–‡ä»¶
    try:
        with open(config_file, "r") as f:
            return json.load(f)
    except FileNotFoundError:
        print(f"é…ç½®æ–‡ä»¶ {config_file} ä¸å­˜åœ¨")
        return {}

def process_data(data_list):
    # å¤„ç†æ•°æ®åˆ—è¡¨
    if not data_list:
        return {"error": "æ•°æ®ä¸ºç©º"}
    
    result = {
        "count": len(data_list),
        "sum": sum(data_list),
        "average": sum(data_list) / len(data_list),
        "max": max(data_list),
        "min": min(data_list)
    }
    return result

def main():
    # ä¸»å‡½æ•°
    print(f"åº”ç”¨å¯åŠ¨")
    print(f"å½“å‰æ—¶é—´: {datetime.now()}")
    
    # åŠ è½½é…ç½®
    config = load_config()
    print(f"é…ç½®: {config}")
    
    # å¤„ç†ç¤ºä¾‹æ•°æ®
    sample_data = [1, 2, 3, 4, 5, 10, 15, 20]
    result = process_data(sample_data)
    print(f"å¤„ç†ç»“æœ: {result}")
    
    print(f"åº”ç”¨å®Œæˆ")

if __name__ == "__main__":
    main()
' > myproject/src/main.py
è¿”å›ç : 0
è¾“å‡º: 
[Kâ³ Waiting for result ......
[K
[K...
å‘½ä»¤è½¬è¯‘æˆåŠŸ: ls myproject/README.md -> ls myproject/README.md
è¿”å›ç : 0
è¾“å‡º: README.md
...
å‘½ä»¤è½¬è¯‘æˆåŠŸ: ls myproject/requirements.txt -> ls myproject/requirements.txt
è¿”å›ç : 0
è¾“å‡º: requirements.txt
...
å‘½ä»¤è½¬è¯‘æˆåŠŸ: ls myproject/src/main.py -> ls myproject/src/main.py
è¿”å›ç : 0
è¾“å‡º: main.py
...
é˜¶æ®µ2: ç¯å¢ƒè®¾ç½®
è™šæ‹Ÿç¯å¢ƒåç§°: myproject_env_1760288441
å‘½ä»¤è½¬è¯‘æˆåŠŸ: venv --create myproject_env_1760288441 -> venv --create myproject_env_1760288441
è¿”å›ç : 0
è¾“å‡º: 
[Kâ³ Waiting for result ......
[K
[K...
Warning: é”™è¯¯: bash: line 1: venv: command not found
...
å‘½ä»¤è½¬è¯‘æˆåŠŸ: venv --activate myproject_env_1760288441 -> venv --activate myproject_env_1760288441
è¿”å›ç : 0
è¾“å‡º: 
[Kâ³ Waiting for result ......
[K
[K...
Warning: é”™è¯¯: bash: line 1: venv: command not found
...
å‘½ä»¤è½¬è¯‘æˆåŠŸ: pip install requests -> pip install requests
è¿”å›ç : 0
è¾“å‡º: 
[Kâ³ Waiting for result .......
[K
[KRequirement already satisfied: requests in /usr/local/lib/python3.12/dist-packages (2.32.4)
Requirement already satisfied: charset_normalizer<4,>=2 in /usr/loca...
é˜¶æ®µ3: å¼€å‘è°ƒè¯•
å‘½ä»¤è½¬è¯‘æˆåŠŸ: cd myproject/src -> cd myproject/src
è¿”å›ç : 0
å‘½ä»¤è½¬è¯‘æˆåŠŸ: python main.py -> python main.py
è¿”å›ç : 0
è¾“å‡º: 
[Kâ³ Waiting for result ......
[K
[Kåº”ç”¨å¯åŠ¨
å½“å‰æ—¶é—´: 2025-10-12 17:01:59.655199
é…ç½®æ–‡ä»¶ config.json ä¸å­˜åœ¨
é…ç½®: {}
å¤„ç†ç»“æœ: {'count': 8, 'sum': 60, 'average': 7.5, 'max': 20, 'min': 1}
åº”ç”¨å®Œæˆ
...
å‘½ä»¤è½¬è¯‘æˆåŠŸ: 'echo "{\"debug\": true, \"version\": \"1.0.0\", \"author\": \"developer\"}" > config.json' -> __QUOTED_COMMAND__echo '{"debug": true, "version": "1.0.0", "author": "developer"}' > config.json
è¿”å›ç : 0
è¾“å‡º: 
[Kâ³ Waiting for result .....
[K
[K...
å‘½ä»¤è½¬è¯‘æˆåŠŸ: python main.py -> python main.py
è¿”å›ç : 0
è¾“å‡º: 
[Kâ³ Waiting for result .......
[K
[K...
Warning: é”™è¯¯: python3: can't open file '/content/drive/MyDrive/REMOTE_ROOT/tmp/gds_test_20251013_010129_481604_6e9dde29/main.py': [Errno 2] No such file or directory
...
é˜¶æ®µ4: é—®é¢˜è§£å†³
å‘½ä»¤è½¬è¯‘æˆåŠŸ: grep "def " main.py -> grep "def " main.py
è¿”å›ç : 0
è¾“å‡º: 
[Kâ³ Waiting for result .......
[K
[K...
Warning: é”™è¯¯: grep: main.py: No such file or directory
...
grepå‘½ä»¤æˆåŠŸ
å‘½ä»¤è½¬è¯‘æˆåŠŸ: cat config.json -> cat config.json
è¿”å›ç : 1
è¾“å‡º: File or directory does not exist: config.json
...
å‘½ä»¤æ‰§è¡Œå¼‚å¸¸: 1 != 0 : å‘½ä»¤æ‰§è¡Œå¤±è´¥: cat config.json
