test_06_navigation (test_gds.GDSTest) ... /Users/wukunhuan/Library/Python/3.9/lib/python/site-packages/urllib3/__init__.py:35: NotOpenSSLWarning: urllib3 v2 only supports OpenSSL 1.1.1+, currently the 'ssl' module is compiled with 'LibreSSL 2.8.3'. See: https://github.com/urllib3/urllib3/issues/3020
  warnings.warn(
FAIL

======================================================================
FAIL: test_06_navigation (test_gds.GDSTest)
----------------------------------------------------------------------
Traceback (most recent call last):
  File "/Users/wukunhuan/.local/bin/_UNITTEST/test_gds.py", line 355, in _run_gds_command
    self.assertEqual(result.returncode, 0, f"å‘½ä»¤æ‰§è¡Œå¤±è´¥: {command}")
  File "/Library/Developer/CommandLineTools/Library/Frameworks/Python3.framework/Versions/3.9/lib/python3.9/unittest/case.py", line 831, in assertEqual
    assertion_func(first, second, msg=msg)
AssertionError: 1 != 0 : å‘½ä»¤æ‰§è¡Œå¤±è´¥: cd path_test

During handling of the above exception, another exception occurred:

Traceback (most recent call last):
  File "/Users/wukunhuan/.local/bin/_UNITTEST/test_gds.py", line 990, in test_06_navigation
    result = self._run_gds_command('cd path_test')
  File "/Users/wukunhuan/.local/bin/_UNITTEST/test_gds.py", line 361, in _run_gds_command
    self.fail(f"å‘½ä»¤æ‰§è¡Œå¼‚å¸¸: {command} - {e}")
AssertionError: å‘½ä»¤æ‰§è¡Œå¼‚å¸¸: cd path_test - 1 != 0 : å‘½ä»¤æ‰§è¡Œå¤±è´¥: cd path_test

----------------------------------------------------------------------
Ran 1 test in 125.159s

FAILED (failures=1)
è®¾ç½®GDSå…¨é¢æµ‹è¯•ç¯å¢ƒ...
è¿œç«¯æµ‹è¯•ç›®å½•: ~/tmp/gds_test_20251010_035808_666277_42652c44
å·²åˆ‡æ¢åˆ°è¿œç«¯æµ‹è¯•ç›®å½•: ~/tmp/gds_test_20251010_035808_666277_42652c44
æœ¬åœ°ä¸´æ—¶ç›®å½•: /var/folders/w0/m02j_xv925sg34708rb2xgzr0000gn/T/gds_test_local_ijs6t27j
æµ‹è¯•ç¯å¢ƒè®¾ç½®å®Œæˆ
å‘½ä»¤è½¬è¯‘æˆåŠŸ: pwd -> pwd
è¿”å›ç : 0
è¾“å‡º: ~/tmp/gds_test_20251010_035808_666277_42652c44
...
å‘½ä»¤è½¬è¯‘æˆåŠŸ: ls -> ls
è¿”å›ç : 0
å‘½ä»¤è½¬è¯‘æˆåŠŸ: mkdir test_dir -> mkdir test_dir
è¿”å›ç : 0
è¾“å‡º: 
[Kâ³ Waiting for result .....
[K
[K...
å‘½ä»¤è½¬è¯‘æˆåŠŸ: ls test_dir -> ls test_dir
è¿”å›ç : 0
æµ‹è¯•å¤šç›®å½•åˆ›å»º
å‘½ä»¤è½¬è¯‘æˆåŠŸ: mkdir -p multi_test/dir1 multi_test/dir2 multi_test/dir3 -> mkdir -p multi_test/dir1 multi_test/dir2 multi_test/dir3
è¿”å›ç : 0
è¾“å‡º: 
[Kâ³ Waiting for result .....
[K
[K...
å‘½ä»¤è½¬è¯‘æˆåŠŸ: ls multi_test/dir1 -> ls multi_test/dir1
è¿”å›ç : 0
å‘½ä»¤è½¬è¯‘æˆåŠŸ: ls multi_test/dir2 -> ls multi_test/dir2
è¿”å›ç : 0
å‘½ä»¤è½¬è¯‘æˆåŠŸ: ls multi_test/dir3 -> ls multi_test/dir3
è¿”å›ç : 0
å‘½ä»¤è½¬è¯‘æˆåŠŸ: cd test_dir -> cd test_dir
è¿”å›ç : 0
å‘½ä»¤è½¬è¯‘æˆåŠŸ: cd .. -> cd ..
è¿”å›ç : 0
ğŸ›¤ï¸ ä¸åŒè¿œç«¯è·¯å¾„ç±»å‹æµ‹è¯•
å‘½ä»¤è½¬è¯‘æˆåŠŸ: mkdir -p path_test/level1/level2 -> mkdir -p path_test/level1/level2
è¿”å›ç : 0
è¾“å‡º: 
[Kâ³ Waiting for result .....
[K
[K...
å‘½ä»¤è½¬è¯‘æˆåŠŸ: cd path_test -> cd path_test
è¿”å›ç : 1
è¾“å‡º: Directory does not exist: path_test
...
å‘½ä»¤æ‰§è¡Œå¼‚å¸¸: 1 != 0 : å‘½ä»¤æ‰§è¡Œå¤±è´¥: cd path_test
