test_14_venv_basic (test_gds.GDSTest) ... /Users/wukunhuan/Library/Python/3.9/lib/python/site-packages/urllib3/__init__.py:35: NotOpenSSLWarning: urllib3 v2 only supports OpenSSL 1.1.1+, currently the 'ssl' module is compiled with 'LibreSSL 2.8.3'. See: https://github.com/urllib3/urllib3/issues/3020
  warnings.warn(
FAIL

======================================================================
FAIL: test_14_venv_basic (test_gds.GDSTest)
----------------------------------------------------------------------
Traceback (most recent call last):
  File "/Users/wukunhuan/.local/bin/_UNITTEST/test_gds.py", line 1703, in test_14_venv_basic
    self.assertIn(venv_name, result.stdout)
AssertionError: 'test_env_1760548058' not found in '\n\x1b[Kâ³ Waiting for result ....\n\x1b[K\n\x1b[K'

----------------------------------------------------------------------
Ran 1 test in 115.693s

FAILED (failures=1)
è®¾ç½®GDSå…¨é¢æµ‹è¯•ç¯å¢ƒ...
è¿œç«¯æµ‹è¯•ç›®å½•: ~/tmp/gds_test_20251016_010630_486794_0fe08e4e
å·²åˆ‡æ¢åˆ°è¿œç«¯æµ‹è¯•ç›®å½•: ~/tmp/gds_test_20251016_010630_486794_0fe08e4e
æœ¬åœ°ä¸´æ—¶ç›®å½•: /var/folders/w0/m02j_xv925sg34708rb2xgzr0000gn/T/gds_test_local_ymbcrtpp
æµ‹è¯•ç¯å¢ƒè®¾ç½®å®Œæˆ
è™šæ‹Ÿç¯å¢ƒåç§°: test_env_1760548058
å‘½ä»¤è½¬è¯‘æˆåŠŸ: venv --create test_env_1760548058 -> venv --create test_env_1760548058
è¿”å›ç : 0
è¾“å‡º: 
[Kâ³ Waiting for result ....
[K
[K...
Warning: é”™è¯¯: bash: line 1: venv: command not found
...
å‘½ä»¤è½¬è¯‘æˆåŠŸ: venv --list -> venv --list
è¿”å›ç : 0
è¾“å‡º: 
[Kâ³ Waiting for result ....
[K
[K...
Warning: é”™è¯¯: bash: line 1: venv: command not found
...
