test_04_ls_advanced (test_gds.GDSTest) ... /Users/wukunhuan/Library/Python/3.9/lib/python/site-packages/urllib3/__init__.py:35: NotOpenSSLWarning: urllib3 v2 only supports OpenSSL 1.1.1+, currently the 'ssl' module is compiled with 'LibreSSL 2.8.3'. See: https://github.com/urllib3/urllib3/issues/3020
  warnings.warn(
FAIL

======================================================================
FAIL: test_04_ls_advanced (test_gds.GDSTest)
----------------------------------------------------------------------
Traceback (most recent call last):
  File "/Users/wukunhuan/.local/bin/_UNITTEST/test_gds.py", line 355, in _run_gds_command
    self.assertEqual(result.returncode, 0, f"å‘½ä»¤æ‰§è¡Œå¤±è´¥: {command}")
  File "/Library/Developer/CommandLineTools/Library/Frameworks/Python3.framework/Versions/3.9/lib/python3.9/unittest/case.py", line 831, in assertEqual
    assertion_func(first, second, msg=msg)
AssertionError: 1 != 0 : å‘½ä»¤æ‰§è¡Œå¤±è´¥: cd level1/../level1/level2

During handling of the above exception, another exception occurred:

Traceback (most recent call last):
  File "/Users/wukunhuan/.local/bin/_UNITTEST/test_gds.py", line 849, in test_04_ls_advanced
    result = self._run_gds_command('cd level1/../level1/level2')
  File "/Users/wukunhuan/.local/bin/_UNITTEST/test_gds.py", line 361, in _run_gds_command
    self.fail(f"å‘½ä»¤æ‰§è¡Œå¼‚å¸¸: {command} - {e}")
AssertionError: å‘½ä»¤æ‰§è¡Œå¼‚å¸¸: cd level1/../level1/level2 - 1 != 0 : å‘½ä»¤æ‰§è¡Œå¤±è´¥: cd level1/../level1/level2

----------------------------------------------------------------------
Ran 1 test in 370.426s

FAILED (failures=1)
è®¾ç½®GDSå…¨é¢æµ‹è¯•ç¯å¢ƒ...
è¿œç«¯æµ‹è¯•ç›®å½•: ~/tmp/gds_test_20251012_112159_681453_9372994c
å·²åˆ‡æ¢åˆ°è¿œç«¯æµ‹è¯•ç›®å½•: ~/tmp/gds_test_20251012_112159_681453_9372994c
æœ¬åœ°ä¸´æ—¶ç›®å½•: /var/folders/w0/m02j_xv925sg34708rb2xgzr0000gn/T/gds_test_local_bkf2fz66
æµ‹è¯•ç¯å¢ƒè®¾ç½®å®Œæˆ
åˆ‡æ¢åˆ°æµ‹è¯•å­ç›®å½•
å‘½ä»¤è½¬è¯‘æˆåŠŸ: "mkdir -p ls_test_subdir && cd ls_test_subdir" -> "mkdir -p ls_test_subdir && cd ls_test_subdir"
è¿”å›ç : 0
è¾“å‡º: 
[Kâ³ Waiting for result ......
[K
[K...
æµ‹è¯•åŸºæœ¬lså‘½ä»¤
å‘½ä»¤è½¬è¯‘æˆåŠŸ: ls -> ls
è¿”å›ç : 0
æµ‹è¯•ls .ï¼ˆå½“å‰ç›®å½•ï¼‰
å‘½ä»¤è½¬è¯‘æˆåŠŸ: ls . -> ls .
è¿”å›ç : 0
éªŒè¯lså’Œls .è¾“å‡ºä¸€è‡´æ€§
å‘½ä»¤è½¬è¯‘æˆåŠŸ: ls -> ls
è¿”å›ç : 0
æµ‹è¯•ls ~ï¼ˆæ ¹ç›®å½•ï¼‰
å‘½ä»¤è½¬è¯‘æˆåŠŸ: ls ~ -> ls ~
è¿”å›ç : 0
è¾“å‡º: +%s)
computer_vision
simple_test_dir
tmp
~
...
åˆ›å»ºæµ‹è¯•ç›®å½•ç»“æ„
å‘½ä»¤è½¬è¯‘æˆåŠŸ: mkdir -p ls_test_dir/subdir -> mkdir -p ls_test_dir/subdir
è¿”å›ç : 0
è¾“å‡º: 
[Kâ³ Waiting for result .......
[K
[K...
å‘½ä»¤è½¬è¯‘æˆåŠŸ: 'echo "root file" > ls_test_root.txt' -> __QUOTED_COMMAND__echo 'root file' > ls_test_root.txt
è¿”å›ç : 0
è¾“å‡º: 
[Kâ³ Waiting for result ......
[K
[K...
Warning: é”™è¯¯: bash: line 1: __QUOTED_COMMAND__echo: command not found
...
å‘½ä»¤è½¬è¯‘æˆåŠŸ: 'echo "subdir file" > ls_test_dir/ls_test_sub.txt' -> __QUOTED_COMMAND__echo 'subdir file' > ls_test_dir/ls_test_sub.txt
è¿”å›ç : 0
è¾“å‡º: 
[Kâ³ Waiting for result .......
[K
[K...
Warning: é”™è¯¯: bash: line 1: __QUOTED_COMMAND__echo: command not found
...
æµ‹è¯•ä¸åŒè·¯å¾„çš„lså‘½ä»¤
å‘½ä»¤è½¬è¯‘æˆåŠŸ: ls ls_test_dir -> ls ls_test_dir
è¿”å›ç : 0
è¾“å‡º: subdir
ls_test_sub.txt
...
æµ‹è¯•ls -Rï¼ˆé€’å½’ï¼‰
å‘½ä»¤è½¬è¯‘æˆåŠŸ: ls -R ls_test_dir -> ls -R ls_test_dir
è¿”å›ç : 0
è¾“å‡º: subdir
ls_test_sub.txt
...
æµ‹è¯•æ–‡ä»¶è·¯å¾„çš„ls
å‘½ä»¤è½¬è¯‘æˆåŠŸ: ls ls_test_root.txt -> ls ls_test_root.txt
è¿”å›ç : 0
è¾“å‡º: ls_test_root.txt
...
å‘½ä»¤è½¬è¯‘æˆåŠŸ: ls ls_test_dir/ls_test_sub.txt -> ls ls_test_dir/ls_test_sub.txt
è¿”å›ç : 0
è¾“å‡º: ls_test_sub.txt
...
Error:  æµ‹è¯•ä¸å­˜åœ¨è·¯å¾„çš„é”™è¯¯å¤„ç†
å‘½ä»¤è½¬è¯‘æˆåŠŸ: ls nonexistent_file.txt -> ls nonexistent_file.txt
è¿”å›ç : 1
è¾“å‡º: Failed to list files: Path not found: nonexistent_file.txt
...
å‘½ä»¤è½¬è¯‘æˆåŠŸ: ls nonexistent_dir/ -> ls nonexistent_dir/
è¿”å›ç : 1
è¾“å‡º: Failed to list files: Path not found: nonexistent_dir/
...
æµ‹è¯•ç‰¹æ®Šå­—ç¬¦è·¯å¾„
å‘½ä»¤è½¬è¯‘æˆåŠŸ: mkdir -p "test dir with spaces" -> mkdir -p "test dir with spaces"
è¿”å›ç : 0
è¾“å‡º: 
[Kâ³ Waiting for result ......
[K
[K...
å‘½ä»¤è½¬è¯‘æˆåŠŸ: ls "test dir with spaces" -> ls "test dir with spaces"
è¿”å›ç : 0
æ¸…ç†æµ‹è¯•æ–‡ä»¶
å‘½ä»¤è½¬è¯‘æˆåŠŸ: rm -rf ls_test_dir -> rm -rf ls_test_dir
è¿”å›ç : 0
è¾“å‡º: 
[Kâ³ Waiting for result .......
[K
[K...
å‘½ä»¤è½¬è¯‘æˆåŠŸ: rm -rf ls_test_root.txt -> rm -rf ls_test_root.txt
è¿”å›ç : 0
è¾“å‡º: 
[Kâ³ Waiting for result ......
[K
[K...
å‘½ä»¤è½¬è¯‘æˆåŠŸ: rm -rf "test dir with spaces" -> rm -rf "test dir with spaces"
è¿”å›ç : 0
è¾“å‡º: 
[Kâ³ Waiting for result .....
[K
[K...
æµ‹è¯•ç»å¯¹è·¯å¾„ls ~
å‘½ä»¤è½¬è¯‘æˆåŠŸ: ls ~ -> ls ~
è¿”å›ç : 0
è¾“å‡º: +%s)
computer_vision
simple_test_dir
tmp
~
...
åˆ›å»ºå¤šçº§æµ‹è¯•ç›®å½•ç»“æ„
å‘½ä»¤è½¬è¯‘æˆåŠŸ: mkdir -p path_test/level1/level2 -> mkdir -p path_test/level1/level2
è¿”å›ç : 0
è¾“å‡º: 
[Kâ³ Waiting for result .....
[K
[K...
æµ‹è¯•ç›¸å¯¹è·¯å¾„cd
å‘½ä»¤è½¬è¯‘æˆåŠŸ: cd path_test -> cd path_test
è¿”å›ç : 0
æµ‹è¯•å½“å‰ç›®å½•ls
å‘½ä»¤è½¬è¯‘æˆåŠŸ: ls . -> ls .
è¿”å›ç : 0
è¾“å‡º: level1
...
æµ‹è¯•å­ç›®å½•ls
å‘½ä»¤è½¬è¯‘æˆåŠŸ: ls level1 -> ls level1
è¿”å›ç : 0
è¾“å‡º: level2
...
æµ‹è¯•å¤šçº§cd
å‘½ä»¤è½¬è¯‘æˆåŠŸ: cd level1/level2 -> cd level1/level2
è¿”å›ç : 0
æµ‹è¯•çˆ¶ç›®å½•cd ..
å‘½ä»¤è½¬è¯‘æˆåŠŸ: cd .. -> cd ..
è¿”å›ç : 0
æµ‹è¯•å¤šçº§çˆ¶ç›®å½•cd ../..
å‘½ä»¤è½¬è¯‘æˆåŠŸ: cd ../.. -> cd ../..
è¿”å›ç : 0
æµ‹è¯•ç›¸å¯¹è·¯å¾„ls
å‘½ä»¤è½¬è¯‘æˆåŠŸ: ls path_test/level1 -> ls path_test/level1
è¿”å›ç : 0
è¾“å‡º: level2
...
æµ‹è¯•å¤æ‚ç›¸å¯¹è·¯å¾„cd
å‘½ä»¤è½¬è¯‘æˆåŠŸ: cd path_test -> cd path_test
è¿”å›ç : 0
å‘½ä»¤è½¬è¯‘æˆåŠŸ: cd level1/../level1/level2 -> cd level1/../level1/level2
è¿”å›ç : 1
è¾“å‡º: Directory does not exist: level1/../level1/level2
...
å‘½ä»¤æ‰§è¡Œå¼‚å¸¸: 1 != 0 : å‘½ä»¤æ‰§è¡Œå¤±è´¥: cd level1/../level1/level2
