test_02_echo_advanced (test_gds.GDSTest)
æµ‹è¯•echoçš„æ­£ç¡®JSONè¯­æ³•ï¼ˆä¿®å¤åçš„åŠŸèƒ½ï¼‰ ... /Users/wukunhuan/Library/Python/3.9/lib/python/site-packages/urllib3/__init__.py:35: NotOpenSSLWarning: urllib3 v2 only supports OpenSSL 1.1.1+, currently the 'ssl' module is compiled with 'LibreSSL 2.8.3'. See: https://github.com/urllib3/urllib3/issues/3020
  warnings.warn(
FAIL

======================================================================
FAIL: test_02_echo_advanced (test_gds.GDSTest)
æµ‹è¯•echoçš„æ­£ç¡®JSONè¯­æ³•ï¼ˆä¿®å¤åçš„åŠŸèƒ½ï¼‰
----------------------------------------------------------------------
Traceback (most recent call last):
  File "/Users/wukunhuan/.local/bin/_UNITTEST/test_gds.py", line 566, in test_02_echo_advanced
    self.assertTrue(self._verify_file_content_contains("correct_json.txt", '{"name": "test"'))
AssertionError: False is not true

----------------------------------------------------------------------
Ran 1 test in 77.979s

FAILED (failures=1)
è®¾ç½®GDSå…¨é¢æµ‹è¯•ç¯å¢ƒ...
è¿œç«¯æµ‹è¯•ç›®å½•: ~/tmp/gds_test_20251012_111839_481073_da123b19
å·²åˆ‡æ¢åˆ°è¿œç«¯æµ‹è¯•ç›®å½•: ~/tmp/gds_test_20251012_111839_481073_da123b19
æœ¬åœ°ä¸´æ—¶ç›®å½•: /var/folders/w0/m02j_xv925sg34708rb2xgzr0000gn/T/gds_test_local_yq3677eb
æµ‹è¯•ç¯å¢ƒè®¾ç½®å®Œæˆ
å‘½ä»¤è½¬è¯‘æˆåŠŸ: 'echo "{\"name\": \"test\", \"value\": 123}" > correct_json.txt' -> __QUOTED_COMMAND__echo '{"name": "test", "value": 123}' > correct_json.txt
è¿”å›ç : 0
è¾“å‡º: 
[Kâ³ Waiting for result ....
[K
[K...
Warning: é”™è¯¯: bash: line 1: __QUOTED_COMMAND__echo: command not found
...
å‘½ä»¤è½¬è¯‘æˆåŠŸ: ls correct_json.txt -> ls correct_json.txt
è¿”å›ç : 0
è¾“å‡º: correct_json.txt
...
å‘½ä»¤è½¬è¯‘æˆåŠŸ: cat correct_json.txt -> cat correct_json.txt
è¿”å›ç : 0
