test_05_file_ops_mixed (test_gds.GDSTest) ... /Users/wukunhuan/Library/Python/3.9/lib/python/site-packages/urllib3/__init__.py:35: NotOpenSSLWarning: urllib3 v2 only supports OpenSSL 1.1.1+, currently the 'ssl' module is compiled with 'LibreSSL 2.8.3'. See: https://github.com/urllib3/urllib3/issues/3020
  warnings.warn(
FAIL

======================================================================
FAIL: test_05_file_ops_mixed (test_gds.GDSTest)
----------------------------------------------------------------------
Traceback (most recent call last):
  File "/Users/wukunhuan/.local/bin/_UNITTEST/test_gds.py", line 915, in test_05_file_ops_mixed
    self.assertTrue(self._verify_file_exists("advanced_project/src/main.py"))
AssertionError: False is not true

----------------------------------------------------------------------
Ran 1 test in 123.952s

FAILED (failures=1)
è®¾ç½®GDSå…¨é¢æµ‹è¯•ç¯å¢ƒ...
è¿œç«¯æµ‹è¯•ç›®å½•: ~/tmp/gds_test_20251010_035808_369780_e7afb962
å·²åˆ‡æ¢åˆ°è¿œç«¯æµ‹è¯•ç›®å½•: ~/tmp/gds_test_20251010_035808_369780_e7afb962
æœ¬åœ°ä¸´æ—¶ç›®å½•: /var/folders/w0/m02j_xv925sg34708rb2xgzr0000gn/T/gds_test_local_qy5znutn
æµ‹è¯•ç¯å¢ƒè®¾ç½®å®Œæˆ
å‘½ä»¤è½¬è¯‘æˆåŠŸ: mkdir -p advanced_project/src/utils -> mkdir -p advanced_project/src/utils
è¿”å›ç : 0
è¾“å‡º: 
[Kâ³ Waiting for result ......
[K
[K...
å‘½ä»¤è½¬è¯‘æˆåŠŸ: 'echo "# Main module" > advanced_project/src/main.py' -> __QUOTED_COMMAND__echo "# Main module" > advanced_project/src/main.py
è¿”å›ç : 0
è¾“å‡º: 
[Kâ³ Waiting for result .......
[K
[K...
å‘½ä»¤è½¬è¯‘æˆåŠŸ: 'echo "# Utilities" > advanced_project/src/utils/helpers.py' -> __QUOTED_COMMAND__echo "# Utilities" > advanced_project/src/utils/helpers.py
è¿”å›ç : 0
è¾“å‡º: 
[Kâ³ Waiting for result ........
[K
[K...
Warning: é”™è¯¯: bash: line 1: advanced_project/src/utils/helpers.py: No such file or directory
...
å‘½ä»¤è½¬è¯‘æˆåŠŸ: ls advanced_project/src/main.py -> ls advanced_project/src/main.py
è¿”å›ç : 1
è¾“å‡º: Failed to list files: Path not found: advanced_project/src/main.py
...
